#-----------------------------------------------------------
# Vivado v2020.3 (64-bit)
# SW Build 3173277 on Wed Apr  7 05:07:49 MDT 2021
# IP Build 3174024 on Wed Apr  7 23:42:35 MDT 2021
# Start of session at: Fri Oct 14 15:05:38 2022
# Process ID: 14396
# Current directory: D:/111up/Digital_system_design/HW/HW1/HW1_1
# Command line: vivado.exe -gui_launcher_event rodinguilauncherevent14800 D:\111up\Digital_system_design\HW\HW1\HW1_1\HW1_1.xpr
# Log file: D:/111up/Digital_system_design/HW/HW1/HW1_1/vivado.log
# Journal file: D:/111up/Digital_system_design/HW/HW1/HW1_1\vivado.jou
#-----------------------------------------------------------
start_gui
open_project D:/111up/Digital_system_design/HW/HW1/HW1_1/HW1_1.xpr
WARNING: [filemgmt 56-3] Default IP Output Path : Could not find the directory 'D:/111up/Digital_system_design/HW/HW1/HW1_1/HW1_1.gen/sources_1'.
Scanning sources...
Finished scanning sources
INFO: [IP_Flow 19-234] Refreshing IP repositories
INFO: [IP_Flow 19-1704] No user IP repositories specified
INFO: [IP_Flow 19-2313] Loaded Vivado IP repository 'D:/110down/Vivado/2020.3/data/ip'.
open_project: Time (s): cpu = 00:00:15 ; elapsed = 00:00:08 . Memory (MB): peak = 1070.094 ; gain = 0.000
update_compile_order -fileset sources_1
exit
INFO: [Common 17-206] Exiting Vivado at Fri Oct 14 15:06:35 2022...
