#
# A fatal error has been detected by the Java Runtime Environment:
#
#  EXCEPTION_ACCESS_VIOLATION (0xc0000005) at pc=0x00007fffa98f1059, pid=11556, tid=27756
#
# JRE version: OpenJDK Runtime Environment (11.0.2+9) (build 11.0.2+9)
# Java VM: OpenJDK 64-Bit Server VM (11.0.2+9, mixed mode, tiered, compressed oops, g1 gc, windows-amd64)
# Problematic frame:
# C  0x00007fffa98f1059
#
# No core dump will be written. Minidumps are not enabled by default on client versions of Windows
#
# If you would like to submit a bug report, please visit:
#   http://bugreport.java.com/bugreport/crash.jsp
# The crash happened outside the Java Virtual Machine in native code.
# See problematic frame for where to report the bug.
#

---------------  S U M M A R Y ------------

Command Line: -Dsun.java2d.pmoffscreen=false -Dhttps.protocols=TLSv1,TLSv1.1,TLSv1.2 -Dsun.java2d.xrender=false -Dsun.java2d.d3d=false -Dsun.awt.nopixfmt=true -Dsun.java2d.dpiaware=true -Dsun.java2d.uiScale.enabled=false -Xverify:none -Dswing.aatext=true -XX:-UsePerfData -Djdk.map.althashing.threshold=512 -XX:StringTableSize=4072 --add-opens=java.base/java.nio=ALL-UNNAMED --add-opens=java.desktop/sun.swing=ALL-UNNAMED --add-opens=java.desktop/javax.swing=ALL-UNNAMED --add-opens=java.desktop/javax.swing.tree=ALL-UNNAMED --add-opens=java.desktop/javax.swing.plaf.basic=ALL-UNNAMED --add-opens=java.desktop/javax.swing.plaf.synth=ALL-UNNAMED --add-opens=java.desktop/com.sun.awt=ALL-UNNAMED -XX:NewSize=60m -XX:MaxNewSize=60m -Xms128m -Xmx3072m -Xss5m 

Host: Intel(R) Core(TM) i7-8550U CPU @ 1.80GHz, 8 cores, 7G,  Windows 10 , 64 bit Build 19041 (10.0.19041.1889)
Time: Tue Oct 18 00:43:54 2022 台北標準時間 elapsed time: 83087 seconds (0d 23h 4m 47s)

---------------  T H R E A D  ---------------

Current thread (0x00000204d236b800):  JavaThread "AWT-EventQueue-0" [_thread_in_native, id=27756, stack(0x0000008cd7a00000,0x0000008cd7f00000)]

Stack: [0x0000008cd7a00000,0x0000008cd7f00000],  sp=0x0000008cd7ef49c0,  free space=5074k
Native frames: (J=compiled Java code, j=interpreted, Vv=VM code, C=native code)
C  0x00007fffa98f1059
C  0x00007fffa9902497
C  0x00007fffa99037d2
C  0x00007fffa98ea495
C  0x00007fff4aff84b4
C  0x00007fff4b018e72
C  0x00007fff4b0b36c5
C  0x00007fff4b0b35e9
C  0x00007fff4b0e4eb1
C  0x00007fff4b0e25f6
C  0x00007fff4b140a01
C  0x00007fff4b142a43
C  0x00007fff4b11b54d
C  0x00007fff4b11b5b8
C  0x00007fff4b11b661
C  0x00007fff4b141c2c
C  0x00007fff4b110d95
C  0x00007fff4b110a25
C  0x00007fff4b14e98f
C  0x00000204c071d1ad

Java frames: (J=compiled Java code, j=interpreted, Vv=VM code)
J 25276  ui.views.waveform.waveformi.WVExecutive_getGraphicsDataSize(J)J (0 bytes) @ 0x00000204c071d111 [0x00000204c071d0c0+0x0000000000000051]
J 28644 c2 ui.views.waveform.w.aI(ZZ)V (48 bytes) @ 0x00000204c0d012a8 [0x00000204c0d004e0+0x0000000000000dc8]
J 28299 c2 ui.views.waveform.c.b.j(Lui/frmwork/a/l;)V (605 bytes) @ 0x00000204c0c0e2dc [0x00000204c0c0cd40+0x000000000000159c]
J 28137 c2 ui.views.waveform.w.handleTclEvent(Lui/frmwork/a/l;)V (17 bytes) @ 0x00000204c0aa7e84 [0x00000204c0aa7e40+0x0000000000000044]
J 26341 c2 ui.frmwork.a.o.c(Lui/frmwork/a/l;)V (61 bytes) @ 0x00000204c0901b9c [0x00000204c09019c0+0x00000000000001dc]
J 25344 c2 ui.frmwork.E.i(JZ)V (471 bytes) @ 0x00000204c0737454 [0x00000204c0735f40+0x0000000000001514]
J 26169 c2 ui.frmwork.E.fireTclEvent(J)I (113 bytes) @ 0x00000204c08b5584 [0x00000204c08b4e80+0x0000000000000704]
v  ~StubRoutines::call_stub
J 28227  ui.views.waveform.waveformi.WVExecutive_processModelEvent(JJ)V (0 bytes) @ 0x00000204c0be5994 [0x00000204c0be5940+0x0000000000000054]
J 28277 c1 ui.views.waveform.c.b.gb(J)V (109 bytes) @ 0x00000204b8e94f6c [0x00000204b8e94ea0+0x00000000000000cc]
J 28299 c2 ui.views.waveform.c.b.j(Lui/frmwork/a/l;)V (605 bytes) @ 0x00000204c0c106b4 [0x00000204c0c0cd40+0x0000000000003974]
J 28137 c2 ui.views.waveform.w.handleTclEvent(Lui/frmwork/a/l;)V (17 bytes) @ 0x00000204c0aa7e84 [0x00000204c0aa7e40+0x0000000000000044]
J 26341 c2 ui.frmwork.a.o.c(Lui/frmwork/a/l;)V (61 bytes) @ 0x00000204c0901b9c [0x00000204c09019c0+0x00000000000001dc]
J 25344 c2 ui.frmwork.E.i(JZ)V (471 bytes) @ 0x00000204c0737454 [0x00000204c0735f40+0x0000000000001514]
J 18425 c1 ui.frmwork.E$$Lambda$203.run()V (12 bytes) @ 0x00000204ba3c9bdc [0x00000204ba3c9b00+0x00000000000000dc]
J 14283 c2 java.awt.EventQueue$4.run()Ljava/lang/Object; java.desktop@11.0.2 (5 bytes) @ 0x00000204bfba2774 [0x00000204bfba2520+0x0000000000000254]
v  ~StubRoutines::call_stub
J 3685  java.security.AccessController.doPrivileged(Ljava/security/PrivilegedAction;Ljava/security/AccessControlContext;)Ljava/lang/Object; java.base@11.0.2 (0 bytes) @ 0x00000204bf114eb6 [0x00000204bf114e40+0x0000000000000076]
J 21545 c2 java.awt.EventQueue.dispatchEvent(Ljava/awt/AWTEvent;)V java.desktop@11.0.2 (80 bytes) @ 0x00000204c043a8cc [0x00000204c043a340+0x000000000000058c]
J 27076 c2 java.awt.EventDispatchThread.pumpOneEventForFilters(I)V java.desktop@11.0.2 (113 bytes) @ 0x00000204c09d62dc [0x00000204c09d6060+0x000000000000027c]
J 25613 c2 java.awt.EventDispatchThread.pumpEventsForFilter(ILjava/awt/Conditional;Ljava/awt/EventFilter;)V java.desktop@11.0.2 (47 bytes) @ 0x00000204c07ae6a0 [0x00000204c07ae4e0+0x00000000000001c0]
j  java.awt.EventDispatchThread.pumpEventsForFilter(Ljava/awt/Conditional;Ljava/awt/EventFilter;)V+4 java.desktop@11.0.2
j  java.awt.WaitDispatchSupport$2.run()V+59 java.desktop@11.0.2
j  java.awt.WaitDispatchSupport$4.run()Ljava/lang/Void;+4 java.desktop@11.0.2
j  java.awt.WaitDispatchSupport$4.run()Ljava/lang/Object;+1 java.desktop@11.0.2
v  ~StubRoutines::call_stub
J 945  java.security.AccessController.doPrivileged(Ljava/security/PrivilegedAction;)Ljava/lang/Object; java.base@11.0.2 (0 bytes) @ 0x00000204bf0a4b22 [0x00000204bf0a4ac0+0x0000000000000062]
j  java.awt.WaitDispatchSupport.enter()Z+260 java.desktop@11.0.2
j  java.awt.Dialog.show()V+224 java.desktop@11.0.2
J 28880 c1 ui.dlg.c.g.setVisible(Z)V (15 bytes) @ 0x00000204b7ecf4e4 [0x00000204b7ecf220+0x00000000000002c4]
j  ui.dlg.c.bz.bIB()V+64
j  ui.dlg.c.bH.actionPerformed(Ljava/awt/event/ActionEvent;)V+8
j  ui.dlg.c.bz.fCX()V+388
j  ui.views.c.t.b.a.run()V+60
j  ui.frmwork.cmd.a.hCA()Z+66
j  ui.frmwork.cmd.d.hCI()V+42
j  ui.bm.actionPerformed(Ljava/awt/event/ActionEvent;)V+25
j  javax.swing.AbstractButton.fireActionPerformed(Ljava/awt/event/ActionEvent;)V+83 java.desktop@11.0.2
j  ui.utils.swing.b.E.fireActionPerformed(Ljava/awt/event/ActionEvent;)V+7
j  javax.swing.AbstractButton$Handler.actionPerformed(Ljava/awt/event/ActionEvent;)V+5 java.desktop@11.0.2
j  javax.swing.DefaultButtonModel.fireActionPerformed(Ljava/awt/event/ActionEvent;)V+34 java.desktop@11.0.2
J 21263 c1 javax.swing.DefaultButtonModel.setPressed(Z)V java.desktop@11.0.2 (125 bytes) @ 0x00000204b8429ca4 [0x00000204b8428d00+0x0000000000000fa4]
j  javax.swing.plaf.basic.BasicButtonListener.mouseReleased(Ljava/awt/event/MouseEvent;)V+35 java.desktop@11.0.2
j  com.jidesoft.plaf.basic.BasicJideButtonListener.mouseReleased(Ljava/awt/event/MouseEvent;)V+61
J 29714 c2 java.awt.AWTEventMulticaster.mouseReleased(Ljava/awt/event/MouseEvent;)V java.desktop@11.0.2 (27 bytes) @ 0x00000204c03a2734 [0x00000204c03a26c0+0x0000000000000074]
J 29714 c2 java.awt.AWTEventMulticaster.mouseReleased(Ljava/awt/event/MouseEvent;)V java.desktop@11.0.2 (27 bytes) @ 0x00000204c03a2734 [0x00000204c03a26c0+0x0000000000000074]
J 29714 c2 java.awt.AWTEventMulticaster.mouseReleased(Ljava/awt/event/MouseEvent;)V java.desktop@11.0.2 (27 bytes) @ 0x00000204c03a2734 [0x00000204c03a26c0+0x0000000000000074]
J 22596 c2 javax.swing.JComponent.processMouseEvent(Ljava/awt/event/MouseEvent;)V java.desktop@11.0.2 (27 bytes) @ 0x00000204c051c668 [0x00000204c051c2a0+0x00000000000003c8]
J 13370 c2 java.awt.Container.processEvent(Ljava/awt/AWTEvent;)V java.desktop@11.0.2 (22 bytes) @ 0x00000204bf23a9d4 [0x00000204bf23a8a0+0x0000000000000134]
J 28606 c2 java.awt.Component.dispatchEventImpl(Ljava/awt/AWTEvent;)V java.desktop@11.0.2 (777 bytes) @ 0x00000204c0ccef08 [0x00000204c0cce100+0x0000000000000e08]
J 27488 c2 java.awt.Container.dispatchEventImpl(Ljava/awt/AWTEvent;)V java.desktop@11.0.2 (129 bytes) @ 0x00000204bfcf75a0 [0x00000204bfcf7540+0x0000000000000060]
J 27003 c2 java.awt.LightweightDispatcher.retargetMouseEvent(Ljava/awt/Component;ILjava/awt/event/MouseEvent;)V java.desktop@11.0.2 (372 bytes) @ 0x00000204c09c1e88 [0x00000204c09c18e0+0x00000000000005a8]
J 27437 c2 java.awt.Window.dispatchEventImpl(Ljava/awt/AWTEvent;)V java.desktop@11.0.2 (23 bytes) @ 0x00000204c0acd540 [0x00000204c0acbf40+0x0000000000001600]
J 14283 c2 java.awt.EventQueue$4.run()Ljava/lang/Object; java.desktop@11.0.2 (5 bytes) @ 0x00000204bfba26c4 [0x00000204bfba2520+0x00000000000001a4]
v  ~StubRoutines::call_stub
J 3685  java.security.AccessController.doPrivileged(Ljava/security/PrivilegedAction;Ljava/security/AccessControlContext;)Ljava/lang/Object; java.base@11.0.2 (0 bytes) @ 0x00000204bf114eb6 [0x00000204bf114e40+0x0000000000000076]
J 15648 c2 java.awt.EventQueue$5.run()Ljava/lang/Object; java.desktop@11.0.2 (5 bytes) @ 0x00000204bf64a174 [0x00000204bf649f00+0x0000000000000274]
v  ~StubRoutines::call_stub
J 3685  java.security.AccessController.doPrivileged(Ljava/security/PrivilegedAction;Ljava/security/AccessControlContext;)Ljava/lang/Object; java.base@11.0.2 (0 bytes) @ 0x00000204bf114eb6 [0x00000204bf114e40+0x0000000000000076]
J 21545 c2 java.awt.EventQueue.dispatchEvent(Ljava/awt/AWTEvent;)V java.desktop@11.0.2 (80 bytes) @ 0x00000204c043a6e8 [0x00000204c043a340+0x00000000000003a8]
J 27076 c2 java.awt.EventDispatchThread.pumpOneEventForFilters(I)V java.desktop@11.0.2 (113 bytes) @ 0x00000204c09d62dc [0x00000204c09d6060+0x000000000000027c]
J 20515% c2 java.awt.EventDispatchThread.pumpEventsForFilter(ILjava/awt/Conditional;Ljava/awt/EventFilter;)V java.desktop@11.0.2 (47 bytes) @ 0x00000204bff2c5c0 [0x00000204bff2c4c0+0x0000000000000100]
j  java.awt.EventDispatchThread.pumpEventsForHierarchy(ILjava/awt/Conditional;Ljava/awt/Component;)V+11 java.desktop@11.0.2
j  java.awt.EventDispatchThread.pumpEvents(ILjava/awt/Conditional;)V+4 java.desktop@11.0.2
j  java.awt.EventDispatchThread.pumpEvents(Ljava/awt/Conditional;)V+3 java.desktop@11.0.2
j  java.awt.EventDispatchThread.run()V+9 java.desktop@11.0.2
v  ~StubRoutines::call_stub

siginfo: EXCEPTION_ACCESS_VIOLATION (0xc0000005), reading address 0x0000000000000044


Register to memory mapping:

RIP=0x00007fffa98f1059 points into unknown readable memory: 83 79 44 00 75 07 33
RAX=0x0000b1b467cac5ab is an unknown value
RBX=0x00000204df940390 points into unknown readable memory: d0 0e 94 df 04 02 00 00
RCX=0x0 is NULL
RDX=0x00000204dedd6430 points into unknown readable memory: d0 4b 91 a9 ff 7f 00 00
RSP=0x0000008cd7ef49c0 is pointing into the stack for thread: 0x00000204d236b800
RBP=0x0 is NULL
RSI=0x00000204dedd6430 points into unknown readable memory: d0 4b 91 a9 ff 7f 00 00
RDI=0x0 is NULL
R8 =0x0000008cd7ef4a50 is pointing into the stack for thread: 0x00000204d236b800
R9 =0x0000000000000018 is an unknown value
R10=0x0 is NULL
R11=0x94180000000007cd is an unknown value
R12=0x0000000000000001 is an unknown value
R13=0x00007fffa9918e90 points into unknown readable memory: e0 2f 8f a9 ff 7f 00 00
R14=0x00000204e2f9be80 points into unknown readable memory: 30 64 dd de 04 02 00 00
R15=0x0000008cd7ef4a50 is pointing into the stack for thread: 0x00000204d236b800


Registers:
RAX=0x0000b1b467cac5ab, RBX=0x00000204df940390, RCX=0x0000000000000000, RDX=0x00000204dedd6430
RSP=0x0000008cd7ef49c0, RBP=0x0000000000000000, RSI=0x00000204dedd6430, RDI=0x0000000000000000
R8 =0x0000008cd7ef4a50, R9 =0x0000000000000018, R10=0x0000000000000000, R11=0x94180000000007cd
R12=0x0000000000000001, R13=0x00007fffa9918e90, R14=0x00000204e2f9be80, R15=0x0000008cd7ef4a50
RIP=0x00007fffa98f1059, EFLAGS=0x0000000000010206

Top of Stack: (sp=0x0000008cd7ef49c0)
0x0000008cd7ef49c0:   0000000000000001 0000008cd7ef4c68
0x0000008cd7ef49d0:   0000008cd7ef4aa1 00007ffff9bbf89e
0x0000008cd7ef49e0:   0000000000000002 00007ff82cc40800
0x0000008cd7ef49f0:   fffffffffffffffe 0000008cd7ef4d90
0x0000008cd7ef4a00:   0000008cd7ef4e30 0000008cd7ef53d0
0x0000008cd7ef4a10:   00000204e6809900 00000204e2f9be80
0x0000008cd7ef4a20:   00000204e2f9be80 00007fffa9902497
0x0000008cd7ef4a30:   00007ffff9bb4740 00000204df940390
0x0000008cd7ef4a40:   00000204e2fa7070 0000000000000001
0x0000008cd7ef4a50:   0000008cd7ef5540 00007fff4b30cc80
0x0000008cd7ef4a60:   0000008cd7ef5d90 0000000000000000
0x0000008cd7ef4a70:   0000000019930520 0000000000000000
0x0000008cd7ef4a80:   0000000000000000 0000000000000000
0x0000008cd7ef4a90:   0000000000000000 0000000000000000
0x0000008cd7ef4aa0:   0000000000000000 0000008cd7ef6000
0x0000008cd7ef4ab0:   0000b6948af8a301 00007fff4b30cc80 

Instructions: (pc=0x00007fffa98f1059)
0x00007fffa98f1039:   50 48 c7 44 24 30 fe ff ff ff 48 89 5c 24 78 48
0x00007fffa98f1049:   89 b4 24 80 00 00 00 4d 8b f8 48 8b f2 48 8b f9
0x00007fffa98f1059:   83 79 44 00 75 07 33 c0 e9 d1 00 00 00 48 8b 41
0x00007fffa98f1069:   48 8b 10 48 03 51 28 48 8d 4c 24 38 e8 66 eb ff 


Stack slot to memory mapping:
stack at sp + 0 slots: 0x0000000000000001 is an unknown value
stack at sp + 1 slots: 0x0000008cd7ef4c68 is pointing into the stack for thread: 0x00000204d236b800
stack at sp + 2 slots: 0x0000008cd7ef4aa1 is pointing into the stack for thread: 0x00000204d236b800
stack at sp + 3 slots: 0x00007ffff9bbf89e VCRUNTIME140.dll
stack at sp + 4 slots: 0x0000000000000002 is an unknown value
stack at sp + 5 slots: 0x00007ff82cc40800 ntdll.dll
stack at sp + 6 slots: 0xfffffffffffffffe is an unknown value
stack at sp + 7 slots: 0x0000008cd7ef4d90 is pointing into the stack for thread: 0x00000204d236b800


---------------  P R O C E S S  ---------------

Threads class SMR info:
_java_thread_list=0x00000204e32777a0, length=33, elements={
0x00000204aa53b000, 0x00000204d03d1000, 0x00000204d0281800, 0x00000204cfb36000,
0x00000204ca497800, 0x00000204cfb4f800, 0x00000204cfb50000, 0x00000204ca005000,
0x00000204cad09000, 0x00000204c9f42000, 0x00000204d1fd7800, 0x00000204c9db5800,
0x00000204d23a8800, 0x00000204d236a800, 0x00000204d236b800, 0x00000204db5ed800,
0x00000204dc67c000, 0x00000204db9ba000, 0x00000204dc62a000, 0x00000204dc62b000,
0x00000204dc62c800, 0x00000204dc62f000, 0x00000204dc62d800, 0x00000204dc62e000,
0x00000204e1b46800, 0x00000204e1b47000, 0x00000204e1b49800, 0x00000204e1b4b000,
0x00000204e1b4d000, 0x00000204e1b48800, 0x00000204e6b25000, 0x00000204e6b25800,
0x00000204e6b21800
}

Java Threads: ( => current thread )
  0x00000204aa53b000 JavaThread "main" [_thread_blocked, id=14592, stack(0x0000008cd1b00000,0x0000008cd1c00000)]
  0x00000204d03d1000 JavaThread "Reference Handler" daemon [_thread_blocked, id=13356, stack(0x0000008cd3900000,0x0000008cd3e00000)]
  0x00000204d0281800 JavaThread "Finalizer" daemon [_thread_blocked, id=21020, stack(0x0000008cd3e00000,0x0000008cd4300000)]
  0x00000204cfb36000 JavaThread "Signal Dispatcher" daemon [_thread_blocked, id=24544, stack(0x0000008cd4300000,0x0000008cd4800000)]
  0x00000204ca497800 JavaThread "Attach Listener" daemon [_thread_blocked, id=26716, stack(0x0000008cd4800000,0x0000008cd4d00000)]
  0x00000204cfb4f800 JavaThread "C2 CompilerThread0" daemon [_thread_blocked, id=22600, stack(0x0000008cd4d00000,0x0000008cd4e00000)]
  0x00000204cfb50000 JavaThread "C1 CompilerThread0" daemon [_thread_blocked, id=7416, stack(0x0000008cd4e00000,0x0000008cd4f00000)]
  0x00000204ca005000 JavaThread "Sweeper thread" daemon [_thread_blocked, id=25404, stack(0x0000008cd4f00000,0x0000008cd5400000)]
  0x00000204cad09000 JavaThread "Common-Cleaner" daemon [_thread_blocked, id=12628, stack(0x0000008cd5400000,0x0000008cd5900000)]
  0x00000204c9f42000 JavaThread "Service Thread" daemon [_thread_blocked, id=23924, stack(0x0000008cd5900000,0x0000008cd5e00000)]
  0x00000204d1fd7800 JavaThread "Java2D Disposer" daemon [_thread_blocked, id=28660, stack(0x0000008cd5f00000,0x0000008cd6400000)]
  0x00000204c9db5800 JavaThread "AWT-Windows" daemon [_thread_in_native, id=18728, stack(0x0000008cd6900000,0x0000008cd6e00000)]
  0x00000204d23a8800 JavaThread "TimerQueue" daemon [_thread_blocked, id=23780, stack(0x0000008cd6400000,0x0000008cd6900000)]
  0x00000204d236a800 JavaThread "AWT-Shutdown" [_thread_blocked, id=6184, stack(0x0000008cd7500000,0x0000008cd7a00000)]
=>0x00000204d236b800 JavaThread "AWT-EventQueue-0" [_thread_in_native, id=27756, stack(0x0000008cd7a00000,0x0000008cd7f00000)]
  0x00000204db5ed800 JavaThread "Thread-1" [_thread_in_native, id=6308, stack(0x0000008cd1c00000,0x0000008cd3000000)]
  0x00000204dc67c000 JavaThread "Process Messages Thread" [_thread_blocked, id=31828, stack(0x0000008cd8400000,0x0000008cd8900000)]
  0x00000204db9ba000 JavaThread "Batik CleanerThread" daemon [_thread_blocked, id=28224, stack(0x0000008cd9100000,0x0000008cd9600000)]
  0x00000204dc62a000 JavaThread "SyntheticaCleanerThread" daemon [_thread_blocked, id=12020, stack(0x0000008cd9b00000,0x0000008cda000000)]
  0x00000204dc62b000 JavaThread "Monitor HEventQueue Thread" [_thread_blocked, id=28032, stack(0x0000008cda000000,0x0000008cda500000)]
  0x00000204dc62c800 JavaThread "SyntheticaAnimation 50" daemon [_thread_blocked, id=6672, stack(0x0000008cda500000,0x0000008cdaa00000)]
  0x00000204dc62f000 JavaThread "SyntheticaAnimation 25" daemon [_thread_blocked, id=31696, stack(0x0000008cdab00000,0x0000008cdb000000)]
  0x00000204dc62d800 JavaThread "SyntheticaAnimation 70" daemon [_thread_blocked, id=17820, stack(0x0000008cd6e00000,0x0000008cd7300000)]
  0x00000204dc62e000 JavaThread "Refresh Filesets Swing Worker Thread" [_thread_blocked, id=10840, stack(0x0000008cdb000000,0x0000008cdb500000)]
  0x00000204e1b46800 JavaThread "hw_ila_monitor" [_thread_blocked, id=19088, stack(0x0000008cdb500000,0x0000008cdba00000)]
  0x00000204e1b47000 JavaThread "pool-1-thread-1" [_thread_blocked, id=20500, stack(0x0000008cdc400000,0x0000008cdc900000)]
  0x00000204e1b49800 JavaThread "pool-2-thread-1" [_thread_blocked, id=30060, stack(0x0000008cdc900000,0x0000008cdce00000)]
  0x00000204e1b4b000 JavaThread "pool-3-thread-1" [_thread_blocked, id=20888, stack(0x0000008cdce00000,0x0000008cdd300000)]
  0x00000204e1b4d000 JavaThread "Update Runs Swing Worker Thread" [_thread_blocked, id=22856, stack(0x0000008cdd300000,0x0000008cdd800000)]
  0x00000204e1b48800 JavaThread "SyntheticaAnimation 50" daemon [_thread_blocked, id=18128, stack(0x0000008cd9600000,0x0000008cd9b00000)]
  0x00000204e6b25000 JavaThread "Image Animator 1" daemon [_thread_blocked, id=18668, stack(0x0000008cddd00000,0x0000008cde200000)]
  0x00000204e6b25800 JavaThread "Swing-Shell" daemon [_thread_blocked, id=31016, stack(0x0000008cdba00000,0x0000008cdbf00000)]
  0x00000204e6b21800 JavaThread "Relaunch Simulation Thread" [_thread_blocked, id=12828, stack(0x0000008cdbf00000,0x0000008cdc400000)]

Other Threads:
  0x00000204d03d0800 VMThread "VM Thread" [stack: 0x0000008cd3800000,0x0000008cd3900000] [id=29804]
  0x00000204c9f93800 WatcherThread [stack: 0x0000008cd5e00000,0x0000008cd5f00000] [id=21392]
  0x00000204ca512000 GCTaskThread "GC Thread#0" [stack: 0x0000008cd3300000,0x0000008cd3400000] [id=24388]
  0x00000204c9f1e800 GCTaskThread "GC Thread#1" [stack: 0x0000008cd8900000,0x0000008cd8a00000] [id=28316]
  0x00000204c9f1f000 GCTaskThread "GC Thread#2" [stack: 0x0000008cd8a00000,0x0000008cd8b00000] [id=16544]
  0x00000204dbedf800 GCTaskThread "GC Thread#3" [stack: 0x0000008cd8b00000,0x0000008cd8c00000] [id=8484]
  0x00000204dbee0000 GCTaskThread "GC Thread#4" [stack: 0x0000008cd8c00000,0x0000008cd8d00000] [id=24304]
  0x00000204dbf37800 GCTaskThread "GC Thread#5" [stack: 0x0000008cd8d00000,0x0000008cd8e00000] [id=17300]
  0x00000204d1aeb000 GCTaskThread "GC Thread#6" [stack: 0x0000008cd8e00000,0x0000008cd8f00000] [id=25776]
  0x00000204d1aed000 GCTaskThread "GC Thread#7" [stack: 0x0000008cd8f00000,0x0000008cd9000000] [id=19660]
  0x00000204d04a1800 ConcurrentGCThread "G1 Main Marker" [stack: 0x0000008cd3400000,0x0000008cd3500000] [id=25044]
  0x00000204d04a2800 ConcurrentGCThread "G1 Conc#0" [stack: 0x0000008cd3500000,0x0000008cd3600000] [id=12344]
  0x00000204db952800 ConcurrentGCThread "G1 Conc#1" [stack: 0x0000008cd7f00000,0x0000008cd8000000] [id=29388]
  0x00000204d145b000 ConcurrentGCThread "G1 Refine#0" [stack: 0x0000008cd3600000,0x0000008cd3700000] [id=30440]
  0x00000204db95d800 ConcurrentGCThread "G1 Refine#1" [stack: 0x0000008cd9000000,0x0000008cd9100000] [id=15868]
  0x00000204dc656800 ConcurrentGCThread "G1 Refine#2" [stack: 0x0000008cd7300000,0x0000008cd7400000] [id=29700]
  0x00000204dc232800 ConcurrentGCThread "G1 Refine#3" [stack: 0x0000008cdaa00000,0x0000008cdab00000] [id=15608]
  0x00000204d119e000 ConcurrentGCThread "G1 Young RemSet Sampling" [stack: 0x0000008cd3700000,0x0000008cd3800000] [id=27616]

Threads with active compile tasks:

VM state:not at safepoint (normal execution)

VM Mutex/Monitor currently owned by a thread: None

Heap address: 0x0000000740000000, size: 3072 MB, Compressed Oops mode: Zero based, Oop shift amount: 3
Narrow klass base: 0x0000000800000000, Narrow klass shift: 0
Compressed class space size: 1073741824 Address: 0x0000000800000000

Heap:
 garbage-first heap   total 331776K, used 118214K [0x0000000740000000, 0x0000000800000000)
  region size 1024K, 17 young (17408K), 0 survivors (0K)
 Metaspace       used 100026K, capacity 101286K, committed 104912K, reserved 1138688K
  class space    used 13150K, capacity 13638K, committed 14976K, reserved 1048576K
Heap Regions: E=young(eden), S=young(survivor), O=old, HS=humongous(starts), HC=humongous(continues), CS=collection set, F=free, A=archive, TAMS=top-at-mark-start (previous, next)
|   0|0x0000000740000000, 0x0000000740100000, 0x0000000740100000|100%|HS|  |TAMS 0x0000000740000000, 0x0000000740000000| Untracked 
|   1|0x0000000740100000, 0x0000000740200000, 0x0000000740200000|100%|HC|  |TAMS 0x0000000740100000, 0x0000000740100000| Untracked 
|   2|0x0000000740200000, 0x0000000740300000, 0x0000000740300000|100%|HS|  |TAMS 0x0000000740200000, 0x0000000740200000| Untracked 
|   3|0x0000000740300000, 0x00000007403ffff8, 0x0000000740400000| 99%| O|  |TAMS 0x0000000740300000, 0x0000000740300000| Untracked 
|   4|0x0000000740400000, 0x0000000740500000, 0x0000000740500000|100%| O|  |TAMS 0x0000000740400000, 0x0000000740400000| Untracked 
|   5|0x0000000740500000, 0x00000007405ffff8, 0x0000000740600000| 99%| O|  |TAMS 0x0000000740500000, 0x0000000740500000| Untracked 
|   6|0x0000000740600000, 0x0000000740700000, 0x0000000740700000|100%| O|  |TAMS 0x0000000740600000, 0x0000000740600000| Untracked 
|   7|0x0000000740700000, 0x0000000740800000, 0x0000000740800000|100%| O|  |TAMS 0x0000000740700000, 0x0000000740700000| Untracked 
|   8|0x0000000740800000, 0x0000000740900000, 0x0000000740900000|100%| O|  |TAMS 0x0000000740800000, 0x0000000740800000| Untracked 
|   9|0x0000000740900000, 0x00000007409ffff0, 0x0000000740a00000| 99%| O|  |TAMS 0x0000000740900000, 0x0000000740900000| Untracked 
|  10|0x0000000740a00000, 0x0000000740b00000, 0x0000000740b00000|100%| O|  |TAMS 0x0000000740a00000, 0x0000000740a00000| Untracked 
|  11|0x0000000740b00000, 0x0000000740bffff0, 0x0000000740c00000| 99%| O|  |TAMS 0x0000000740b00000, 0x0000000740b00000| Untracked 
|  12|0x0000000740c00000, 0x0000000740cfffe8, 0x0000000740d00000| 99%| O|  |TAMS 0x0000000740c00000, 0x0000000740c00000| Untracked 
|  13|0x0000000740d00000, 0x0000000740dfffe8, 0x0000000740e00000| 99%| O|  |TAMS 0x0000000740d00000, 0x0000000740d00000| Untracked 
|  14|0x0000000740e00000, 0x0000000740effff8, 0x0000000740f00000| 99%| O|  |TAMS 0x0000000740e00000, 0x0000000740e00000| Untracked 
|  15|0x0000000740f00000, 0x0000000740fffff8, 0x0000000741000000| 99%| O|  |TAMS 0x0000000740f00000, 0x0000000740f00000| Untracked 
|  16|0x0000000741000000, 0x00000007410fffe8, 0x0000000741100000| 99%| O|  |TAMS 0x0000000741000000, 0x0000000741000000| Untracked 
|  17|0x0000000741100000, 0x00000007411ffff8, 0x0000000741200000| 99%| O|  |TAMS 0x0000000741100000, 0x0000000741100000| Untracked 
|  18|0x0000000741200000, 0x00000007412ffff8, 0x0000000741300000| 99%| O|  |TAMS 0x0000000741200000, 0x0000000741200000| Untracked 
|  19|0x0000000741300000, 0x0000000741400000, 0x0000000741400000|100%| O|  |TAMS 0x0000000741300000, 0x0000000741300000| Untracked 
|  20|0x0000000741400000, 0x0000000741500000, 0x0000000741500000|100%|HS|  |TAMS 0x0000000741400000, 0x0000000741400000| Untracked 
|  21|0x0000000741500000, 0x0000000741600000, 0x0000000741600000|100%|HC|  |TAMS 0x0000000741500000, 0x0000000741500000| Untracked 
|  22|0x0000000741600000, 0x0000000741700000, 0x0000000741700000|100%|HS|  |TAMS 0x0000000741600000, 0x0000000741600000| Untracked 
|  23|0x0000000741700000, 0x00000007417ffff8, 0x0000000741800000| 99%| O|  |TAMS 0x0000000741700000, 0x0000000741700000| Untracked 
|  24|0x0000000741800000, 0x00000007418ffff0, 0x0000000741900000| 99%| O|  |TAMS 0x0000000741800000, 0x0000000741800000| Untracked 
|  25|0x0000000741900000, 0x00000007419ffff0, 0x0000000741a00000| 99%| O|  |TAMS 0x0000000741900000, 0x0000000741900000| Untracked 
|  26|0x0000000741a00000, 0x0000000741b00000, 0x0000000741b00000|100%| O|  |TAMS 0x0000000741a00000, 0x0000000741a00000| Untracked 
|  27|0x0000000741b00000, 0x0000000741bffff8, 0x0000000741c00000| 99%| O|  |TAMS 0x0000000741b00000, 0x0000000741b00000| Untracked 
|  28|0x0000000741c00000, 0x0000000741d00000, 0x0000000741d00000|100%| O|  |TAMS 0x0000000741c00000, 0x0000000741c00000| Untracked 
|  29|0x0000000741d00000, 0x0000000741e00000, 0x0000000741e00000|100%| O|  |TAMS 0x0000000741d00000, 0x0000000741d00000| Untracked 
|  30|0x0000000741e00000, 0x0000000741effff0, 0x0000000741f00000| 99%| O|  |TAMS 0x0000000741e00000, 0x0000000741e00000| Untracked 
|  31|0x0000000741f00000, 0x0000000741fffff8, 0x0000000742000000| 99%| O|  |TAMS 0x0000000741f00000, 0x0000000741f00000| Untracked 
|  32|0x0000000742000000, 0x0000000742100000, 0x0000000742100000|100%| O|  |TAMS 0x0000000742000000, 0x0000000742000000| Untracked 
|  33|0x0000000742100000, 0x00000007421ffff8, 0x0000000742200000| 99%| O|  |TAMS 0x0000000742100000, 0x0000000742100000| Untracked 
|  34|0x0000000742200000, 0x00000007422ffff8, 0x0000000742300000| 99%| O|  |TAMS 0x0000000742200000, 0x0000000742200000| Untracked 
|  35|0x0000000742300000, 0x0000000742400000, 0x0000000742400000|100%| O|  |TAMS 0x0000000742300000, 0x0000000742300000| Untracked 
|  36|0x0000000742400000, 0x00000007424ffff8, 0x0000000742500000| 99%| O|  |TAMS 0x0000000742400000, 0x0000000742400000| Untracked 
|  37|0x0000000742500000, 0x0000000742600000, 0x0000000742600000|100%| O|  |TAMS 0x0000000742500000, 0x0000000742500000| Untracked 
|  38|0x0000000742600000, 0x0000000742700000, 0x0000000742700000|100%| O|  |TAMS 0x0000000742600000, 0x0000000742600000| Untracked 
|  39|0x0000000742700000, 0x0000000742800000, 0x0000000742800000|100%| O|  |TAMS 0x0000000742700000, 0x0000000742700000| Untracked 
|  40|0x0000000742800000, 0x00000007428ffff0, 0x0000000742900000| 99%| O|  |TAMS 0x0000000742800000, 0x0000000742800000| Untracked 
|  41|0x0000000742900000, 0x0000000742a00000, 0x0000000742a00000|100%| O|  |TAMS 0x0000000742900000, 0x0000000742900000| Untracked 
|  42|0x0000000742a00000, 0x0000000742b00000, 0x0000000742b00000|100%| O|  |TAMS 0x0000000742a00000, 0x0000000742a00000| Untracked 
|  43|0x0000000742b00000, 0x0000000742bffff8, 0x0000000742c00000| 99%| O|  |TAMS 0x0000000742b00000, 0x0000000742b00000| Untracked 
|  44|0x0000000742c00000, 0x0000000742d00000, 0x0000000742d00000|100%| O|  |TAMS 0x0000000742c00000, 0x0000000742c00000| Untracked 
|  45|0x0000000742d00000, 0x0000000742e00000, 0x0000000742e00000|100%| O|  |TAMS 0x0000000742d00000, 0x0000000742d00000| Untracked 
|  46|0x0000000742e00000, 0x0000000742efff78, 0x0000000742f00000| 99%| O|  |TAMS 0x0000000742e00000, 0x0000000742e00000| Untracked 
|  47|0x0000000742f00000, 0x0000000742fffff8, 0x0000000743000000| 99%| O|  |TAMS 0x0000000742f00000, 0x0000000742f00000| Untracked 
|  48|0x0000000743000000, 0x00000007430ffec8, 0x0000000743100000| 99%| O|  |TAMS 0x0000000743000000, 0x0000000743000000| Untracked 
|  49|0x0000000743100000, 0x00000007431ffff8, 0x0000000743200000| 99%| O|  |TAMS 0x0000000743100000, 0x0000000743100000| Untracked 
|  50|0x0000000743200000, 0x00000007432ffff8, 0x0000000743300000| 99%| O|  |TAMS 0x0000000743200000, 0x0000000743200000| Untracked 
|  51|0x0000000743300000, 0x0000000743400000, 0x0000000743400000|100%|HS|  |TAMS 0x0000000743300000, 0x0000000743300000| Untracked 
|  52|0x0000000743400000, 0x0000000743500000, 0x0000000743500000|100%| O|  |TAMS 0x0000000743400000, 0x0000000743400000| Untracked 
|  53|0x0000000743500000, 0x0000000743600000, 0x0000000743600000|100%|HS|  |TAMS 0x0000000743500000, 0x0000000743500000| Untracked 
|  54|0x0000000743600000, 0x00000007436fffd8, 0x0000000743700000| 99%| O|  |TAMS 0x0000000743600000, 0x0000000743600000| Untracked 
|  55|0x0000000743700000, 0x00000007437ffff8, 0x0000000743800000| 99%| O|  |TAMS 0x0000000743700000, 0x0000000743700000| Untracked 
|  56|0x0000000743800000, 0x0000000743900000, 0x0000000743900000|100%| O|  |TAMS 0x0000000743800000, 0x0000000743800000| Untracked 
|  57|0x0000000743900000, 0x00000007439ffff8, 0x0000000743a00000| 99%| O|  |TAMS 0x0000000743900000, 0x0000000743900000| Untracked 
|  58|0x0000000743a00000, 0x0000000743affff8, 0x0000000743b00000| 99%| O|  |TAMS 0x0000000743a00000, 0x0000000743a00000| Untracked 
|  59|0x0000000743b00000, 0x0000000743bffee8, 0x0000000743c00000| 99%| O|  |TAMS 0x0000000743b00000, 0x0000000743b00000| Untracked 
|  60|0x0000000743c00000, 0x0000000743cffff0, 0x0000000743d00000| 99%| O|  |TAMS 0x0000000743c00000, 0x0000000743c00000| Untracked 
|  61|0x0000000743d00000, 0x0000000743dffd68, 0x0000000743e00000| 99%| O|  |TAMS 0x0000000743d00000, 0x0000000743d00000| Untracked 
|  62|0x0000000743e00000, 0x0000000743effff8, 0x0000000743f00000| 99%| O|  |TAMS 0x0000000743e00000, 0x0000000743e00000| Untracked 
|  63|0x0000000743f00000, 0x0000000744000000, 0x0000000744000000|100%| O|  |TAMS 0x0000000743f00000, 0x0000000743f00000| Untracked 
|  64|0x0000000744000000, 0x00000007440ffff8, 0x0000000744100000| 99%| O|  |TAMS 0x0000000744000000, 0x0000000744000000| Untracked 
|  65|0x0000000744100000, 0x0000000744200000, 0x0000000744200000|100%| O|  |TAMS 0x0000000744100000, 0x0000000744100000| Untracked 
|  66|0x0000000744200000, 0x00000007442fefc0, 0x0000000744300000| 99%| O|  |TAMS 0x0000000744200000, 0x0000000744200000| Untracked 
|  67|0x0000000744300000, 0x00000007443ffd80, 0x0000000744400000| 99%| O|  |TAMS 0x0000000744300000, 0x0000000744300000| Untracked 
|  68|0x0000000744400000, 0x00000007444ffe80, 0x0000000744500000| 99%| O|  |TAMS 0x0000000744400000, 0x0000000744400000| Untracked 
|  69|0x0000000744500000, 0x00000007445ffff8, 0x0000000744600000| 99%| O|  |TAMS 0x0000000744500000, 0x0000000744500000| Untracked 
|  70|0x0000000744600000, 0x0000000744700000, 0x0000000744700000|100%| O|  |TAMS 0x0000000744600000, 0x0000000744600000| Untracked 
|  71|0x0000000744700000, 0x00000007447ffff0, 0x0000000744800000| 99%| O|  |TAMS 0x0000000744700000, 0x0000000744700000| Untracked 
|  72|0x0000000744800000, 0x0000000744900000, 0x0000000744900000|100%| O|  |TAMS 0x0000000744800000, 0x0000000744800000| Untracked 
|  73|0x0000000744900000, 0x00000007449ffff8, 0x0000000744a00000| 99%| O|  |TAMS 0x0000000744900000, 0x0000000744900000| Untracked 
|  74|0x0000000744a00000, 0x0000000744affff8, 0x0000000744b00000| 99%| O|  |TAMS 0x0000000744a00000, 0x0000000744a00000| Untracked 
|  75|0x0000000744b00000, 0x0000000744bfffe8, 0x0000000744c00000| 99%| O|  |TAMS 0x0000000744b00000, 0x0000000744b00000| Untracked 
|  76|0x0000000744c00000, 0x0000000744d00000, 0x0000000744d00000|100%| O|  |TAMS 0x0000000744c00000, 0x0000000744c00000| Untracked 
|  77|0x0000000744d00000, 0x0000000744dffff0, 0x0000000744e00000| 99%| O|  |TAMS 0x0000000744d00000, 0x0000000744d00000| Untracked 
|  78|0x0000000744e00000, 0x0000000744efff78, 0x0000000744f00000| 99%| O|  |TAMS 0x0000000744e00000, 0x0000000744e00000| Untracked 
|  79|0x0000000744f00000, 0x0000000744fffff0, 0x0000000745000000| 99%| O|  |TAMS 0x0000000744f00000, 0x0000000744f00000| Untracked 
|  80|0x0000000745000000, 0x00000007450ffff8, 0x0000000745100000| 99%| O|  |TAMS 0x0000000745000000, 0x0000000745000000| Untracked 
|  81|0x0000000745100000, 0x00000007451fffe0, 0x0000000745200000| 99%| O|  |TAMS 0x0000000745100000, 0x0000000745100000| Untracked 
|  82|0x0000000745200000, 0x00000007452fff90, 0x0000000745300000| 99%| O|  |TAMS 0x0000000745200000, 0x0000000745200000| Untracked 
|  83|0x0000000745300000, 0x00000007453fc808, 0x0000000745400000| 98%| O|  |TAMS 0x0000000745300000, 0x0000000745300000| Untracked 
|  84|0x0000000745400000, 0x00000007454fffe0, 0x0000000745500000| 99%| O|  |TAMS 0x0000000745400000, 0x0000000745400000| Untracked 
|  85|0x0000000745500000, 0x00000007455f11b8, 0x0000000745600000| 94%| O|  |TAMS 0x0000000745500000, 0x0000000745500000| Untracked 
|  86|0x0000000745600000, 0x000000074568bbb8, 0x0000000745700000| 54%| O|  |TAMS 0x0000000745600000, 0x0000000745600000| Untracked 
|  87|0x0000000745700000, 0x000000074579a048, 0x0000000745800000| 60%| O|  |TAMS 0x0000000745700000, 0x0000000745700000| Untracked 
|  88|0x0000000745800000, 0x0000000745819c80, 0x0000000745900000| 10%| O|  |TAMS 0x0000000745800000, 0x0000000745800000| Untracked 
|  89|0x0000000745900000, 0x0000000745a00000, 0x0000000745a00000|100%|HS|  |TAMS 0x0000000745900000, 0x0000000745900000| Untracked 
|  90|0x0000000745a00000, 0x0000000745b00000, 0x0000000745b00000|100%|HC|  |TAMS 0x0000000745a00000, 0x0000000745a00000| Untracked 
|  91|0x0000000745b00000, 0x0000000745c00000, 0x0000000745c00000|100%|HC|  |TAMS 0x0000000745b00000, 0x0000000745b00000| Untracked 
|  92|0x0000000745c00000, 0x0000000745d00000, 0x0000000745d00000|100%|HC|  |TAMS 0x0000000745c00000, 0x0000000745c00000| Untracked 
|  93|0x0000000745d00000, 0x0000000745d00000, 0x0000000745e00000|  0%| F|  |TAMS 0x0000000745d00000, 0x0000000745d00000| Untracked 
|  94|0x0000000745e00000, 0x0000000745e00000, 0x0000000745f00000|  0%| F|  |TAMS 0x0000000745e00000, 0x0000000745e00000| Untracked 
|  95|0x0000000745f00000, 0x0000000745f00000, 0x0000000746000000|  0%| F|  |TAMS 0x0000000745f00000, 0x0000000745f00000| Untracked 
|  96|0x0000000746000000, 0x0000000746000000, 0x0000000746100000|  0%| F|  |TAMS 0x0000000746000000, 0x0000000746000000| Untracked 
|  97|0x0000000746100000, 0x0000000746100000, 0x0000000746200000|  0%| F|  |TAMS 0x0000000746100000, 0x0000000746100000| Untracked 
|  98|0x0000000746200000, 0x0000000746200000, 0x0000000746300000|  0%| F|  |TAMS 0x0000000746200000, 0x0000000746200000| Untracked 
|  99|0x0000000746300000, 0x0000000746300000, 0x0000000746400000|  0%| F|  |TAMS 0x0000000746300000, 0x0000000746300000| Untracked 
| 100|0x0000000746400000, 0x0000000746400000, 0x0000000746500000|  0%| F|  |TAMS 0x0000000746400000, 0x0000000746400000| Untracked 
| 101|0x0000000746500000, 0x0000000746500000, 0x0000000746600000|  0%| F|  |TAMS 0x0000000746500000, 0x0000000746500000| Untracked 
| 102|0x0000000746600000, 0x0000000746600000, 0x0000000746700000|  0%| F|  |TAMS 0x0000000746600000, 0x0000000746600000| Untracked 
| 103|0x0000000746700000, 0x0000000746700000, 0x0000000746800000|  0%| F|  |TAMS 0x0000000746700000, 0x0000000746700000| Untracked 
| 104|0x0000000746800000, 0x0000000746800000, 0x0000000746900000|  0%| F|  |TAMS 0x0000000746800000, 0x0000000746800000| Untracked 
| 105|0x0000000746900000, 0x0000000746900000, 0x0000000746a00000|  0%| F|  |TAMS 0x0000000746900000, 0x0000000746900000| Untracked 
| 106|0x0000000746a00000, 0x0000000746a00000, 0x0000000746b00000|  0%| F|  |TAMS 0x0000000746a00000, 0x0000000746a00000| Untracked 
| 107|0x0000000746b00000, 0x0000000746b00000, 0x0000000746c00000|  0%| F|  |TAMS 0x0000000746b00000, 0x0000000746b00000| Untracked 
| 108|0x0000000746c00000, 0x0000000746c00000, 0x0000000746d00000|  0%| F|  |TAMS 0x0000000746c00000, 0x0000000746c00000| Untracked 
| 109|0x0000000746d00000, 0x0000000746d00000, 0x0000000746e00000|  0%| F|  |TAMS 0x0000000746d00000, 0x0000000746d00000| Untracked 
| 110|0x0000000746e00000, 0x0000000746e00000, 0x0000000746f00000|  0%| F|  |TAMS 0x0000000746e00000, 0x0000000746e00000| Untracked 
| 111|0x0000000746f00000, 0x0000000746f00000, 0x0000000747000000|  0%| F|  |TAMS 0x0000000746f00000, 0x0000000746f00000| Untracked 
| 112|0x0000000747000000, 0x0000000747000000, 0x0000000747100000|  0%| F|  |TAMS 0x0000000747000000, 0x0000000747000000| Untracked 
| 113|0x0000000747100000, 0x0000000747100000, 0x0000000747200000|  0%| F|  |TAMS 0x0000000747100000, 0x0000000747100000| Untracked 
| 114|0x0000000747200000, 0x0000000747200000, 0x0000000747300000|  0%| F|  |TAMS 0x0000000747200000, 0x0000000747200000| Untracked 
| 115|0x0000000747300000, 0x000000074730ea30, 0x0000000747400000|  5%| O|  |TAMS 0x0000000747300000, 0x0000000747300000| Untracked 
| 116|0x0000000747400000, 0x0000000747400000, 0x0000000747500000|  0%| F|  |TAMS 0x0000000747400000, 0x0000000747400000| Untracked 
| 117|0x0000000747500000, 0x0000000747500000, 0x0000000747600000|  0%| F|  |TAMS 0x0000000747500000, 0x0000000747500000| Untracked 
| 118|0x0000000747600000, 0x0000000747600000, 0x0000000747700000|  0%| F|  |TAMS 0x0000000747600000, 0x0000000747600000| Untracked 
| 119|0x0000000747700000, 0x0000000747800000, 0x0000000747800000|100%|HS|  |TAMS 0x0000000747700000, 0x0000000747700000| Untracked 
| 120|0x0000000747800000, 0x0000000747900000, 0x0000000747900000|100%|HC|  |TAMS 0x0000000747800000, 0x0000000747800000| Untracked 
| 121|0x0000000747900000, 0x0000000747a00000, 0x0000000747a00000|100%|HC|  |TAMS 0x0000000747900000, 0x0000000747900000| Untracked 
| 122|0x0000000747a00000, 0x0000000747b00000, 0x0000000747b00000|100%|HC|  |TAMS 0x0000000747a00000, 0x0000000747a00000| Untracked 
| 123|0x0000000747b00000, 0x0000000747c00000, 0x0000000747c00000|100%|HC|  |TAMS 0x0000000747b00000, 0x0000000747b00000| Untracked 
| 124|0x0000000747c00000, 0x0000000747d00000, 0x0000000747d00000|100%|HC|  |TAMS 0x0000000747c00000, 0x0000000747c00000| Untracked 
| 125|0x0000000747d00000, 0x0000000747e00000, 0x0000000747e00000|100%|HC|  |TAMS 0x0000000747d00000, 0x0000000747d00000| Untracked 
| 126|0x0000000747e00000, 0x0000000747f00000, 0x0000000747f00000|100%|HC|  |TAMS 0x0000000747e00000, 0x0000000747e00000| Untracked 
| 127|0x0000000747f00000, 0x0000000747f00000, 0x0000000748000000|  0%| F|  |TAMS 0x0000000747f00000, 0x0000000747f00000| Untracked 
| 128|0x0000000748000000, 0x0000000748000000, 0x0000000748100000|  0%| F|  |TAMS 0x0000000748000000, 0x0000000748000000| Untracked 
| 129|0x0000000748100000, 0x0000000748100000, 0x0000000748200000|  0%| F|  |TAMS 0x0000000748100000, 0x0000000748100000| Untracked 
| 130|0x0000000748200000, 0x0000000748200000, 0x0000000748300000|  0%| F|  |TAMS 0x0000000748200000, 0x0000000748200000| Untracked 
| 131|0x0000000748300000, 0x0000000748300000, 0x0000000748400000|  0%| F|  |TAMS 0x0000000748300000, 0x0000000748300000| Untracked 
| 132|0x0000000748400000, 0x0000000748400000, 0x0000000748500000|  0%| F|  |TAMS 0x0000000748400000, 0x0000000748400000| Untracked 
| 133|0x0000000748500000, 0x0000000748500000, 0x0000000748600000|  0%| F|  |TAMS 0x0000000748500000, 0x0000000748500000| Untracked 
| 134|0x0000000748600000, 0x0000000748600000, 0x0000000748700000|  0%| F|  |TAMS 0x0000000748600000, 0x0000000748600000| Untracked 
| 135|0x0000000748700000, 0x0000000748700000, 0x0000000748800000|  0%| F|  |TAMS 0x0000000748700000, 0x0000000748700000| Untracked 
| 136|0x0000000748800000, 0x0000000748800000, 0x0000000748900000|  0%| F|  |TAMS 0x0000000748800000, 0x0000000748800000| Untracked 
| 137|0x0000000748900000, 0x0000000748900000, 0x0000000748a00000|  0%| F|  |TAMS 0x0000000748900000, 0x0000000748900000| Untracked 
| 138|0x0000000748a00000, 0x0000000748a00000, 0x0000000748b00000|  0%| F|  |TAMS 0x0000000748a00000, 0x0000000748a00000| Untracked 
| 139|0x0000000748b00000, 0x0000000748b00000, 0x0000000748c00000|  0%| F|  |TAMS 0x0000000748b00000, 0x0000000748b00000| Untracked 
| 140|0x0000000748c00000, 0x0000000748c00000, 0x0000000748d00000|  0%| F|  |TAMS 0x0000000748c00000, 0x0000000748c00000| Untracked 
| 141|0x0000000748d00000, 0x0000000748d00000, 0x0000000748e00000|  0%| F|  |TAMS 0x0000000748d00000, 0x0000000748d00000| Untracked 
| 142|0x0000000748e00000, 0x0000000748e00000, 0x0000000748f00000|  0%| F|  |TAMS 0x0000000748e00000, 0x0000000748e00000| Untracked 
| 143|0x0000000748f00000, 0x0000000748f00000, 0x0000000749000000|  0%| F|  |TAMS 0x0000000748f00000, 0x0000000748f00000| Untracked 
| 144|0x0000000749000000, 0x0000000749000000, 0x0000000749100000|  0%| F|  |TAMS 0x0000000749000000, 0x0000000749000000| Untracked 
| 145|0x0000000749100000, 0x0000000749100000, 0x0000000749200000|  0%| F|  |TAMS 0x0000000749100000, 0x0000000749100000| Untracked 
| 146|0x0000000749200000, 0x0000000749200000, 0x0000000749300000|  0%| F|  |TAMS 0x0000000749200000, 0x0000000749200000| Untracked 
| 147|0x0000000749300000, 0x0000000749300000, 0x0000000749400000|  0%| F|  |TAMS 0x0000000749300000, 0x0000000749300000| Untracked 
| 148|0x0000000749400000, 0x0000000749400000, 0x0000000749500000|  0%| F|  |TAMS 0x0000000749400000, 0x0000000749400000| Untracked 
| 149|0x0000000749500000, 0x0000000749500000, 0x0000000749600000|  0%| F|  |TAMS 0x0000000749500000, 0x0000000749500000| Untracked 
| 150|0x0000000749600000, 0x0000000749600000, 0x0000000749700000|  0%| F|  |TAMS 0x0000000749600000, 0x0000000749600000| Untracked 
| 151|0x0000000749700000, 0x0000000749700000, 0x0000000749800000|  0%| F|  |TAMS 0x0000000749700000, 0x0000000749700000| Untracked 
| 152|0x0000000749800000, 0x0000000749800000, 0x0000000749900000|  0%| F|  |TAMS 0x0000000749800000, 0x0000000749800000| Untracked 
| 153|0x0000000749900000, 0x0000000749900000, 0x0000000749a00000|  0%| F|  |TAMS 0x0000000749900000, 0x0000000749900000| Untracked 
| 154|0x0000000749a00000, 0x0000000749a00000, 0x0000000749b00000|  0%| F|  |TAMS 0x0000000749a00000, 0x0000000749a00000| Untracked 
| 155|0x0000000749b00000, 0x0000000749b00000, 0x0000000749c00000|  0%| F|  |TAMS 0x0000000749b00000, 0x0000000749b00000| Untracked 
| 156|0x0000000749c00000, 0x0000000749c00000, 0x0000000749d00000|  0%| F|  |TAMS 0x0000000749c00000, 0x0000000749c00000| Untracked 
| 157|0x0000000749d00000, 0x0000000749d00000, 0x0000000749e00000|  0%| F|  |TAMS 0x0000000749d00000, 0x0000000749d00000| Untracked 
| 158|0x0000000749e00000, 0x0000000749e00000, 0x0000000749f00000|  0%| F|  |TAMS 0x0000000749e00000, 0x0000000749e00000| Untracked 
| 159|0x0000000749f00000, 0x0000000749f00000, 0x000000074a000000|  0%| F|  |TAMS 0x0000000749f00000, 0x0000000749f00000| Untracked 
| 160|0x000000074a000000, 0x000000074a000000, 0x000000074a100000|  0%| F|  |TAMS 0x000000074a000000, 0x000000074a000000| Untracked 
| 161|0x000000074a100000, 0x000000074a100000, 0x000000074a200000|  0%| F|  |TAMS 0x000000074a100000, 0x000000074a100000| Untracked 
| 162|0x000000074a200000, 0x000000074a200000, 0x000000074a300000|  0%| F|  |TAMS 0x000000074a200000, 0x000000074a200000| Untracked 
| 163|0x000000074a300000, 0x000000074a300000, 0x000000074a400000|  0%| F|  |TAMS 0x000000074a300000, 0x000000074a300000| Untracked 
| 164|0x000000074a400000, 0x000000074a400000, 0x000000074a500000|  0%| F|  |TAMS 0x000000074a400000, 0x000000074a400000| Untracked 
| 165|0x000000074a500000, 0x000000074a500000, 0x000000074a600000|  0%| F|  |TAMS 0x000000074a500000, 0x000000074a500000| Untracked 
| 166|0x000000074a600000, 0x000000074a600000, 0x000000074a700000|  0%| F|  |TAMS 0x000000074a600000, 0x000000074a600000| Untracked 
| 167|0x000000074a700000, 0x000000074a700000, 0x000000074a800000|  0%| F|  |TAMS 0x000000074a700000, 0x000000074a700000| Untracked 
| 168|0x000000074a800000, 0x000000074a800000, 0x000000074a900000|  0%| F|  |TAMS 0x000000074a800000, 0x000000074a800000| Untracked 
| 169|0x000000074a900000, 0x000000074a900000, 0x000000074aa00000|  0%| F|  |TAMS 0x000000074a900000, 0x000000074a900000| Untracked 
| 170|0x000000074aa00000, 0x000000074aa00000, 0x000000074ab00000|  0%| F|  |TAMS 0x000000074aa00000, 0x000000074aa00000| Untracked 
| 171|0x000000074ab00000, 0x000000074ab00000, 0x000000074ac00000|  0%| F|  |TAMS 0x000000074ab00000, 0x000000074ab00000| Untracked 
| 172|0x000000074ac00000, 0x000000074ac00000, 0x000000074ad00000|  0%| F|  |TAMS 0x000000074ac00000, 0x000000074ac00000| Untracked 
| 173|0x000000074ad00000, 0x000000074ad00000, 0x000000074ae00000|  0%| F|  |TAMS 0x000000074ad00000, 0x000000074ad00000| Untracked 
| 174|0x000000074ae00000, 0x000000074ae00000, 0x000000074af00000|  0%| F|  |TAMS 0x000000074ae00000, 0x000000074ae00000| Untracked 
| 175|0x000000074af00000, 0x000000074af00000, 0x000000074b000000|  0%| F|  |TAMS 0x000000074af00000, 0x000000074af00000| Untracked 
| 176|0x000000074b000000, 0x000000074b000000, 0x000000074b100000|  0%| F|  |TAMS 0x000000074b000000, 0x000000074b000000| Untracked 
| 177|0x000000074b100000, 0x000000074b100000, 0x000000074b200000|  0%| F|  |TAMS 0x000000074b100000, 0x000000074b100000| Untracked 
| 178|0x000000074b200000, 0x000000074b200000, 0x000000074b300000|  0%| F|  |TAMS 0x000000074b200000, 0x000000074b200000| Untracked 
| 179|0x000000074b300000, 0x000000074b300000, 0x000000074b400000|  0%| F|  |TAMS 0x000000074b300000, 0x000000074b300000| Untracked 
| 180|0x000000074b400000, 0x000000074b400000, 0x000000074b500000|  0%| F|  |TAMS 0x000000074b400000, 0x000000074b400000| Untracked 
| 181|0x000000074b500000, 0x000000074b500000, 0x000000074b600000|  0%| F|  |TAMS 0x000000074b500000, 0x000000074b500000| Untracked 
| 182|0x000000074b600000, 0x000000074b600000, 0x000000074b700000|  0%| F|  |TAMS 0x000000074b600000, 0x000000074b600000| Untracked 
| 183|0x000000074b700000, 0x000000074b700000, 0x000000074b800000|  0%| F|  |TAMS 0x000000074b700000, 0x000000074b700000| Untracked 
| 184|0x000000074b800000, 0x000000074b800000, 0x000000074b900000|  0%| F|  |TAMS 0x000000074b800000, 0x000000074b800000| Untracked 
| 185|0x000000074b900000, 0x000000074b900000, 0x000000074ba00000|  0%| F|  |TAMS 0x000000074b900000, 0x000000074b900000| Untracked 
| 186|0x000000074ba00000, 0x000000074ba00000, 0x000000074bb00000|  0%| F|  |TAMS 0x000000074ba00000, 0x000000074ba00000| Untracked 
| 187|0x000000074bb00000, 0x000000074bb00000, 0x000000074bc00000|  0%| F|  |TAMS 0x000000074bb00000, 0x000000074bb00000| Untracked 
| 188|0x000000074bc00000, 0x000000074bc00000, 0x000000074bd00000|  0%| F|  |TAMS 0x000000074bc00000, 0x000000074bc00000| Untracked 
| 189|0x000000074bd00000, 0x000000074bd00000, 0x000000074be00000|  0%| F|  |TAMS 0x000000074bd00000, 0x000000074bd00000| Untracked 
| 190|0x000000074be00000, 0x000000074be00000, 0x000000074bf00000|  0%| F|  |TAMS 0x000000074be00000, 0x000000074be00000| Untracked 
| 191|0x000000074bf00000, 0x000000074bf00000, 0x000000074c000000|  0%| F|  |TAMS 0x000000074bf00000, 0x000000074bf00000| Untracked 
| 192|0x000000074c000000, 0x000000074c000000, 0x000000074c100000|  0%| F|  |TAMS 0x000000074c000000, 0x000000074c000000| Untracked 
| 193|0x000000074c100000, 0x000000074c100000, 0x000000074c200000|  0%| F|  |TAMS 0x000000074c100000, 0x000000074c100000| Untracked 
| 194|0x000000074c200000, 0x000000074c200000, 0x000000074c300000|  0%| F|  |TAMS 0x000000074c200000, 0x000000074c200000| Untracked 
| 195|0x000000074c300000, 0x000000074c300000, 0x000000074c400000|  0%| F|  |TAMS 0x000000074c300000, 0x000000074c300000| Untracked 
| 196|0x000000074c400000, 0x000000074c400000, 0x000000074c500000|  0%| F|  |TAMS 0x000000074c400000, 0x000000074c400000| Untracked 
| 197|0x000000074c500000, 0x000000074c500000, 0x000000074c600000|  0%| F|  |TAMS 0x000000074c500000, 0x000000074c500000| Untracked 
| 198|0x000000074c600000, 0x000000074c600000, 0x000000074c700000|  0%| F|  |TAMS 0x000000074c600000, 0x000000074c600000| Untracked 
| 199|0x000000074c700000, 0x000000074c700000, 0x000000074c800000|  0%| F|  |TAMS 0x000000074c700000, 0x000000074c700000| Untracked 
| 200|0x000000074c800000, 0x000000074c800000, 0x000000074c900000|  0%| F|  |TAMS 0x000000074c800000, 0x000000074c800000| Untracked 
| 201|0x000000074c900000, 0x000000074c900000, 0x000000074ca00000|  0%| F|  |TAMS 0x000000074c900000, 0x000000074c900000| Untracked 
| 202|0x000000074ca00000, 0x000000074ca00000, 0x000000074cb00000|  0%| F|  |TAMS 0x000000074ca00000, 0x000000074ca00000| Untracked 
| 203|0x000000074cb00000, 0x000000074cb00000, 0x000000074cc00000|  0%| F|  |TAMS 0x000000074cb00000, 0x000000074cb00000| Untracked 
| 204|0x000000074cc00000, 0x000000074cc00000, 0x000000074cd00000|  0%| F|  |TAMS 0x000000074cc00000, 0x000000074cc00000| Untracked 
| 205|0x000000074cd00000, 0x000000074cd00000, 0x000000074ce00000|  0%| F|  |TAMS 0x000000074cd00000, 0x000000074cd00000| Untracked 
| 206|0x000000074ce00000, 0x000000074ce00000, 0x000000074cf00000|  0%| F|  |TAMS 0x000000074ce00000, 0x000000074ce00000| Untracked 
| 207|0x000000074cf00000, 0x000000074cf00000, 0x000000074d000000|  0%| F|  |TAMS 0x000000074cf00000, 0x000000074cf00000| Untracked 
| 208|0x000000074d000000, 0x000000074d000000, 0x000000074d100000|  0%| F|  |TAMS 0x000000074d000000, 0x000000074d000000| Untracked 
| 209|0x000000074d100000, 0x000000074d100000, 0x000000074d200000|  0%| F|  |TAMS 0x000000074d100000, 0x000000074d100000| Untracked 
| 210|0x000000074d200000, 0x000000074d200000, 0x000000074d300000|  0%| F|  |TAMS 0x000000074d200000, 0x000000074d200000| Untracked 
| 211|0x000000074d300000, 0x000000074d300000, 0x000000074d400000|  0%| F|  |TAMS 0x000000074d300000, 0x000000074d300000| Untracked 
| 212|0x000000074d400000, 0x000000074d400000, 0x000000074d500000|  0%| F|  |TAMS 0x000000074d400000, 0x000000074d400000| Untracked 
| 213|0x000000074d500000, 0x000000074d500000, 0x000000074d600000|  0%| F|  |TAMS 0x000000074d500000, 0x000000074d500000| Untracked 
| 214|0x000000074d600000, 0x000000074d600000, 0x000000074d700000|  0%| F|  |TAMS 0x000000074d600000, 0x000000074d600000| Untracked 
| 215|0x000000074d700000, 0x000000074d700000, 0x000000074d800000|  0%| F|  |TAMS 0x000000074d700000, 0x000000074d700000| Untracked 
| 216|0x000000074d800000, 0x000000074d837a38, 0x000000074d900000| 21%| O|  |TAMS 0x000000074d800000, 0x000000074d800000| Untracked 
| 217|0x000000074d900000, 0x000000074d900000, 0x000000074da00000|  0%| F|  |TAMS 0x000000074d900000, 0x000000074d900000| Untracked 
| 218|0x000000074da00000, 0x000000074da00000, 0x000000074db00000|  0%| F|  |TAMS 0x000000074da00000, 0x000000074da00000| Untracked 
| 219|0x000000074db00000, 0x000000074db00000, 0x000000074dc00000|  0%| F|  |TAMS 0x000000074db00000, 0x000000074db00000| Untracked 
| 220|0x000000074dc00000, 0x000000074dc00000, 0x000000074dd00000|  0%| F|  |TAMS 0x000000074dc00000, 0x000000074dc00000| Untracked 
| 221|0x000000074dd00000, 0x000000074dd00000, 0x000000074de00000|  0%| F|  |TAMS 0x000000074dd00000, 0x000000074dd00000| Untracked 
| 222|0x000000074de00000, 0x000000074de00000, 0x000000074df00000|  0%| F|  |TAMS 0x000000074de00000, 0x000000074de00000| Untracked 
| 223|0x000000074df00000, 0x000000074df00000, 0x000000074e000000|  0%| F|  |TAMS 0x000000074df00000, 0x000000074df00000| Untracked 
| 224|0x000000074e000000, 0x000000074e000000, 0x000000074e100000|  0%| F|  |TAMS 0x000000074e000000, 0x000000074e000000| Untracked 
| 225|0x000000074e100000, 0x000000074e100000, 0x000000074e200000|  0%| F|  |TAMS 0x000000074e100000, 0x000000074e100000| Untracked 
| 226|0x000000074e200000, 0x000000074e200000, 0x000000074e300000|  0%| F|  |TAMS 0x000000074e200000, 0x000000074e200000| Untracked 
| 227|0x000000074e300000, 0x000000074e300000, 0x000000074e400000|  0%| F|  |TAMS 0x000000074e300000, 0x000000074e300000| Untracked 
| 228|0x000000074e400000, 0x000000074e400000, 0x000000074e500000|  0%| F|  |TAMS 0x000000074e400000, 0x000000074e400000| Untracked 
| 229|0x000000074e500000, 0x000000074e500000, 0x000000074e600000|  0%| F|  |TAMS 0x000000074e500000, 0x000000074e500000| Untracked 
| 230|0x000000074e600000, 0x000000074e600000, 0x000000074e700000|  0%| F|  |TAMS 0x000000074e600000, 0x000000074e600000| Untracked 
| 231|0x000000074e700000, 0x000000074e700000, 0x000000074e800000|  0%| F|  |TAMS 0x000000074e700000, 0x000000074e700000| Untracked 
| 232|0x000000074e800000, 0x000000074e800000, 0x000000074e900000|  0%| F|  |TAMS 0x000000074e800000, 0x000000074e800000| Untracked 
| 233|0x000000074e900000, 0x000000074e900000, 0x000000074ea00000|  0%| F|  |TAMS 0x000000074e900000, 0x000000074e900000| Untracked 
| 234|0x000000074ea00000, 0x000000074ea00000, 0x000000074eb00000|  0%| F|  |TAMS 0x000000074ea00000, 0x000000074ea00000| Untracked 
| 235|0x000000074eb00000, 0x000000074eb00000, 0x000000074ec00000|  0%| F|  |TAMS 0x000000074eb00000, 0x000000074eb00000| Untracked 
| 236|0x000000074ec00000, 0x000000074ec00000, 0x000000074ed00000|  0%| F|  |TAMS 0x000000074ec00000, 0x000000074ec00000| Untracked 
| 237|0x000000074ed00000, 0x000000074ed00000, 0x000000074ee00000|  0%| F|  |TAMS 0x000000074ed00000, 0x000000074ed00000| Untracked 
| 238|0x000000074ee00000, 0x000000074ee00000, 0x000000074ef00000|  0%| F|  |TAMS 0x000000074ee00000, 0x000000074ee00000| Untracked 
| 239|0x000000074ef00000, 0x000000074ef00000, 0x000000074f000000|  0%| F|  |TAMS 0x000000074ef00000, 0x000000074ef00000| Untracked 
| 240|0x000000074f000000, 0x000000074f000000, 0x000000074f100000|  0%| F|  |TAMS 0x000000074f000000, 0x000000074f000000| Untracked 
| 241|0x000000074f100000, 0x000000074f100000, 0x000000074f200000|  0%| F|  |TAMS 0x000000074f100000, 0x000000074f100000| Untracked 
| 242|0x000000074f200000, 0x000000074f200000, 0x000000074f300000|  0%| F|  |TAMS 0x000000074f200000, 0x000000074f200000| Untracked 
| 243|0x000000074f300000, 0x000000074f300000, 0x000000074f400000|  0%| F|  |TAMS 0x000000074f300000, 0x000000074f300000| Untracked 
| 244|0x000000074f400000, 0x000000074f400000, 0x000000074f500000|  0%| F|  |TAMS 0x000000074f400000, 0x000000074f400000| Untracked 
| 245|0x000000074f500000, 0x000000074f500000, 0x000000074f600000|  0%| F|  |TAMS 0x000000074f500000, 0x000000074f500000| Untracked 
| 246|0x000000074f600000, 0x000000074f600000, 0x000000074f700000|  0%| F|  |TAMS 0x000000074f600000, 0x000000074f600000| Untracked 
| 247|0x000000074f700000, 0x000000074f700000, 0x000000074f800000|  0%| F|  |TAMS 0x000000074f700000, 0x000000074f700000| Untracked 
| 248|0x000000074f800000, 0x000000074f800000, 0x000000074f900000|  0%| F|  |TAMS 0x000000074f800000, 0x000000074f800000| Untracked 
| 249|0x000000074f900000, 0x000000074f900000, 0x000000074fa00000|  0%| F|  |TAMS 0x000000074f900000, 0x000000074f900000| Untracked 
| 250|0x000000074fa00000, 0x000000074fa00000, 0x000000074fb00000|  0%| F|  |TAMS 0x000000074fa00000, 0x000000074fa00000| Untracked 
| 251|0x000000074fb00000, 0x000000074fb00000, 0x000000074fc00000|  0%| F|  |TAMS 0x000000074fb00000, 0x000000074fb00000| Untracked 
| 252|0x000000074fc00000, 0x000000074fc00000, 0x000000074fd00000|  0%| F|  |TAMS 0x000000074fc00000, 0x000000074fc00000| Untracked 
| 253|0x000000074fd00000, 0x000000074fd00000, 0x000000074fe00000|  0%| F|  |TAMS 0x000000074fd00000, 0x000000074fd00000| Untracked 
| 254|0x000000074fe00000, 0x000000074fe00000, 0x000000074ff00000|  0%| F|  |TAMS 0x000000074fe00000, 0x000000074fe00000| Untracked 
| 255|0x000000074ff00000, 0x000000074ff00000, 0x0000000750000000|  0%| F|  |TAMS 0x000000074ff00000, 0x000000074ff00000| Untracked 
| 256|0x0000000750000000, 0x0000000750000000, 0x0000000750100000|  0%| F|  |TAMS 0x0000000750000000, 0x0000000750000000| Untracked 
| 257|0x0000000750100000, 0x0000000750100000, 0x0000000750200000|  0%| F|  |TAMS 0x0000000750100000, 0x0000000750100000| Untracked 
| 258|0x0000000750200000, 0x0000000750200000, 0x0000000750300000|  0%| F|  |TAMS 0x0000000750200000, 0x0000000750200000| Untracked 
| 259|0x0000000750300000, 0x0000000750300000, 0x0000000750400000|  0%| F|  |TAMS 0x0000000750300000, 0x0000000750300000| Untracked 
| 260|0x0000000750400000, 0x0000000750400000, 0x0000000750500000|  0%| F|  |TAMS 0x0000000750400000, 0x0000000750400000| Untracked 
| 261|0x0000000750500000, 0x0000000750500000, 0x0000000750600000|  0%| F|  |TAMS 0x0000000750500000, 0x0000000750500000| Untracked 
| 262|0x0000000750600000, 0x0000000750600000, 0x0000000750700000|  0%| F|  |TAMS 0x0000000750600000, 0x0000000750600000| Untracked 
| 263|0x0000000750700000, 0x0000000750700000, 0x0000000750800000|  0%| F|  |TAMS 0x0000000750700000, 0x0000000750700000| Untracked 
| 264|0x0000000750800000, 0x0000000750800000, 0x0000000750900000|  0%| F|  |TAMS 0x0000000750800000, 0x0000000750800000| Untracked 
| 265|0x0000000750900000, 0x0000000750900000, 0x0000000750a00000|  0%| F|  |TAMS 0x0000000750900000, 0x0000000750900000| Untracked 
| 266|0x0000000750a00000, 0x0000000750a00000, 0x0000000750b00000|  0%| F|  |TAMS 0x0000000750a00000, 0x0000000750a00000| Untracked 
| 267|0x0000000750b00000, 0x0000000750b00000, 0x0000000750c00000|  0%| F|  |TAMS 0x0000000750b00000, 0x0000000750b00000| Untracked 
| 268|0x0000000750c00000, 0x0000000750c00000, 0x0000000750d00000|  0%| F|  |TAMS 0x0000000750c00000, 0x0000000750c00000| Untracked 
| 269|0x0000000750d00000, 0x0000000750d00000, 0x0000000750e00000|  0%| F|  |TAMS 0x0000000750d00000, 0x0000000750d00000| Untracked 
| 270|0x0000000750e00000, 0x0000000750e00000, 0x0000000750f00000|  0%| F|  |TAMS 0x0000000750e00000, 0x0000000750e00000| Untracked 
| 271|0x0000000750f00000, 0x0000000750f00000, 0x0000000751000000|  0%| F|  |TAMS 0x0000000750f00000, 0x0000000750f00000| Untracked 
| 272|0x0000000751000000, 0x0000000751000000, 0x0000000751100000|  0%| F|  |TAMS 0x0000000751000000, 0x0000000751000000| Untracked 
| 273|0x0000000751100000, 0x0000000751100000, 0x0000000751200000|  0%| F|  |TAMS 0x0000000751100000, 0x0000000751100000| Untracked 
| 274|0x0000000751200000, 0x0000000751200000, 0x0000000751300000|  0%| F|  |TAMS 0x0000000751200000, 0x0000000751200000| Untracked 
| 275|0x0000000751300000, 0x0000000751300000, 0x0000000751400000|  0%| F|  |TAMS 0x0000000751300000, 0x0000000751300000| Untracked 
| 276|0x0000000751400000, 0x0000000751400000, 0x0000000751500000|  0%| F|  |TAMS 0x0000000751400000, 0x0000000751400000| Untracked 
| 277|0x0000000751500000, 0x0000000751500000, 0x0000000751600000|  0%| F|  |TAMS 0x0000000751500000, 0x0000000751500000| Untracked 
| 278|0x0000000751600000, 0x0000000751600000, 0x0000000751700000|  0%| F|  |TAMS 0x0000000751600000, 0x0000000751600000| Untracked 
| 279|0x0000000751700000, 0x0000000751700000, 0x0000000751800000|  0%| F|  |TAMS 0x0000000751700000, 0x0000000751700000| Untracked 
| 280|0x0000000751800000, 0x0000000751800000, 0x0000000751900000|  0%| F|  |TAMS 0x0000000751800000, 0x0000000751800000| Untracked 
| 281|0x0000000751900000, 0x0000000751900000, 0x0000000751a00000|  0%| F|  |TAMS 0x0000000751900000, 0x0000000751900000| Untracked 
| 282|0x0000000751a00000, 0x0000000751a00000, 0x0000000751b00000|  0%| F|  |TAMS 0x0000000751a00000, 0x0000000751a00000| Untracked 
| 283|0x0000000751b00000, 0x0000000751b00000, 0x0000000751c00000|  0%| F|  |TAMS 0x0000000751b00000, 0x0000000751b00000| Untracked 
| 284|0x0000000751c00000, 0x0000000751c00000, 0x0000000751d00000|  0%| F|  |TAMS 0x0000000751c00000, 0x0000000751c00000| Untracked 
| 285|0x0000000751d00000, 0x0000000751d00000, 0x0000000751e00000|  0%| F|  |TAMS 0x0000000751d00000, 0x0000000751d00000| Untracked 
| 286|0x0000000751e00000, 0x0000000751e00000, 0x0000000751f00000|  0%| F|  |TAMS 0x0000000751e00000, 0x0000000751e00000| Untracked 
| 287|0x0000000751f00000, 0x0000000751f00000, 0x0000000752000000|  0%| F|  |TAMS 0x0000000751f00000, 0x0000000751f00000| Untracked 
| 288|0x0000000752000000, 0x0000000752000000, 0x0000000752100000|  0%| F|  |TAMS 0x0000000752000000, 0x0000000752000000| Untracked 
| 289|0x0000000752100000, 0x0000000752100000, 0x0000000752200000|  0%| F|  |TAMS 0x0000000752100000, 0x0000000752100000| Untracked 
| 290|0x0000000752200000, 0x0000000752200000, 0x0000000752300000|  0%| F|  |TAMS 0x0000000752200000, 0x0000000752200000| Untracked 
| 291|0x0000000752300000, 0x0000000752300000, 0x0000000752400000|  0%| F|  |TAMS 0x0000000752300000, 0x0000000752300000| Untracked 
| 292|0x0000000752400000, 0x0000000752400000, 0x0000000752500000|  0%| F|  |TAMS 0x0000000752400000, 0x0000000752400000| Untracked 
| 293|0x0000000752500000, 0x0000000752500000, 0x0000000752600000|  0%| F|  |TAMS 0x0000000752500000, 0x0000000752500000| Untracked 
| 294|0x0000000752600000, 0x0000000752600000, 0x0000000752700000|  0%| F|  |TAMS 0x0000000752600000, 0x0000000752600000| Untracked 
| 295|0x0000000752700000, 0x0000000752700000, 0x0000000752800000|  0%| F|  |TAMS 0x0000000752700000, 0x0000000752700000| Untracked 
| 296|0x0000000752800000, 0x0000000752800000, 0x0000000752900000|  0%| F|  |TAMS 0x0000000752800000, 0x0000000752800000| Untracked 
| 297|0x0000000752900000, 0x0000000752900000, 0x0000000752a00000|  0%| F|  |TAMS 0x0000000752900000, 0x0000000752900000| Untracked 
| 298|0x0000000752a00000, 0x0000000752a00000, 0x0000000752b00000|  0%| F|  |TAMS 0x0000000752a00000, 0x0000000752a00000| Untracked 
| 299|0x0000000752b00000, 0x0000000752b00000, 0x0000000752c00000|  0%| F|  |TAMS 0x0000000752b00000, 0x0000000752b00000| Untracked 
| 300|0x0000000752c00000, 0x0000000752c00000, 0x0000000752d00000|  0%| F|  |TAMS 0x0000000752c00000, 0x0000000752c00000| Untracked 
| 301|0x0000000752d00000, 0x0000000752d00000, 0x0000000752e00000|  0%| F|  |TAMS 0x0000000752d00000, 0x0000000752d00000| Untracked 
| 302|0x0000000752e00000, 0x0000000752e00000, 0x0000000752f00000|  0%| F|  |TAMS 0x0000000752e00000, 0x0000000752e00000| Untracked 
| 303|0x0000000752f00000, 0x0000000752f00000, 0x0000000753000000|  0%| F|  |TAMS 0x0000000752f00000, 0x0000000752f00000| Untracked 
| 304|0x0000000753000000, 0x0000000753000000, 0x0000000753100000|  0%| F|  |TAMS 0x0000000753000000, 0x0000000753000000| Untracked 
| 305|0x0000000753100000, 0x0000000753100000, 0x0000000753200000|  0%| F|  |TAMS 0x0000000753100000, 0x0000000753100000| Untracked 
| 306|0x0000000753200000, 0x0000000753200000, 0x0000000753300000|  0%| F|  |TAMS 0x0000000753200000, 0x0000000753200000| Untracked 
| 307|0x0000000753300000, 0x000000075335bc08, 0x0000000753400000| 35%| E|  |TAMS 0x0000000753300000, 0x0000000753300000| Complete 
| 308|0x0000000753400000, 0x0000000753500000, 0x0000000753500000|100%| E|CS|TAMS 0x0000000753400000, 0x0000000753400000| Complete 
| 309|0x0000000753500000, 0x0000000753600000, 0x0000000753600000|100%| E|CS|TAMS 0x0000000753500000, 0x0000000753500000| Complete 
| 310|0x0000000753600000, 0x0000000753700000, 0x0000000753700000|100%| E|CS|TAMS 0x0000000753600000, 0x0000000753600000| Complete 
| 311|0x0000000753700000, 0x0000000753800000, 0x0000000753800000|100%| E|CS|TAMS 0x0000000753700000, 0x0000000753700000| Complete 
| 312|0x0000000753800000, 0x0000000753900000, 0x0000000753900000|100%| E|CS|TAMS 0x0000000753800000, 0x0000000753800000| Complete 
| 313|0x0000000753900000, 0x0000000753a00000, 0x0000000753a00000|100%| E|CS|TAMS 0x0000000753900000, 0x0000000753900000| Complete 
| 314|0x0000000753a00000, 0x0000000753b00000, 0x0000000753b00000|100%| E|CS|TAMS 0x0000000753a00000, 0x0000000753a00000| Complete 
| 315|0x0000000753b00000, 0x0000000753c00000, 0x0000000753c00000|100%| E|CS|TAMS 0x0000000753b00000, 0x0000000753b00000| Complete 
| 316|0x0000000753c00000, 0x0000000753d00000, 0x0000000753d00000|100%| E|CS|TAMS 0x0000000753c00000, 0x0000000753c00000| Complete 
| 317|0x0000000753d00000, 0x0000000753e00000, 0x0000000753e00000|100%| E|CS|TAMS 0x0000000753d00000, 0x0000000753d00000| Complete 
| 318|0x0000000753e00000, 0x0000000753f00000, 0x0000000753f00000|100%| E|CS|TAMS 0x0000000753e00000, 0x0000000753e00000| Complete 
| 319|0x0000000753f00000, 0x0000000754000000, 0x0000000754000000|100%| E|CS|TAMS 0x0000000753f00000, 0x0000000753f00000| Complete 
| 320|0x0000000754000000, 0x0000000754100000, 0x0000000754100000|100%| E|CS|TAMS 0x0000000754000000, 0x0000000754000000| Complete 
| 321|0x0000000754100000, 0x0000000754200000, 0x0000000754200000|100%| E|CS|TAMS 0x0000000754100000, 0x0000000754100000| Complete 
| 322|0x0000000754200000, 0x0000000754300000, 0x0000000754300000|100%| E|CS|TAMS 0x0000000754200000, 0x0000000754200000| Complete 
| 323|0x0000000754300000, 0x0000000754400000, 0x0000000754400000|100%| E|CS|TAMS 0x0000000754300000, 0x0000000754300000| Complete 

Card table byte_map: [0x00000204c7210000,0x00000204c7810000] _byte_map_base: 0x00000204c3810000

Marking Bits (Prev, Next): (CMBitMap*) 0x00000204ca61fa70, (CMBitMap*) 0x00000204ca61fa38
 Prev Bits: [0x00000204d5450000, 0x00000204d8450000)
 Next Bits: [0x00000204d2450000, 0x00000204d5450000)

Polling page: 0x00000204a9ef0000

Metaspace:

Usage:
  Non-class:     85.59 MB capacity,    84.84 MB (>99%) used,   587.37 KB ( <1%) free+waste,   184.75 KB ( <1%) overhead. 
      Class:     13.32 MB capacity,    12.84 MB ( 96%) used,   409.35 KB (  3%) free+waste,    77.81 KB ( <1%) overhead. 
       Both:     98.91 MB capacity,    97.68 MB ( 99%) used,   996.72 KB ( <1%) free+waste,   262.56 KB ( <1%) overhead. 

Virtual space:
  Non-class space:       88.00 MB reserved,      87.83 MB (>99%) committed 
      Class space:        1.00 GB reserved,      14.63 MB (  1%) committed 
             Both:        1.09 GB reserved,     102.45 MB (  9%) committed 

Chunk freelists:
   Non-Class:  270.00 KB
       Class:  159.25 KB
        Both:  429.25 KB

CodeHeap 'non-profiled nmethods': size=120000Kb used=31613Kb max_used=31613Kb free=88386Kb
 bounds [0x00000204bf050000, 0x00000204c0f40000, 0x00000204c6580000]
CodeHeap 'profiled nmethods': size=120000Kb used=45885Kb max_used=48657Kb free=74115Kb
 bounds [0x00000204b7b20000, 0x00000204bab30000, 0x00000204bf050000]
CodeHeap 'non-nmethods': size=5760Kb used=1690Kb max_used=1749Kb free=4070Kb
 bounds [0x00000204b7580000, 0x00000204b77f0000, 0x00000204b7b20000]
 total_blobs=44898 nmethods=21204 adapters=1161
 compilation: enabled
              stopped_count=0, restarted_count=0
 full_count=0

Compilation events (10 events):
Event: 83077.317 Thread 0x00000204cfb50000 29727       3       ui.utils.swing.b.a::addNotify (5 bytes)
Event: 83077.317 Thread 0x00000204cfb50000 nmethod 29727 0x00000204b845f010 code [0x00000204b845f240, 0x00000204b845f930]
Event: 83077.329 Thread 0x00000204cfb50000 29728       1       com.jidesoft.swing.JideLabel::getOrientation (5 bytes)
Event: 83077.330 Thread 0x00000204cfb50000 nmethod 29728 0x00000204c0552e10 code [0x00000204c0552fc0, 0x00000204c05530d8]
Event: 83078.904 Thread 0x00000204cfb4f800 29729       4       ui.data.simulation.executive.protobuf.RSDPrefs$RSDScopePrefs::getSerializedSize (94 bytes)
Event: 83078.909 Thread 0x00000204cfb4f800 nmethod 29729 0x00000204c0d44190 code [0x00000204c0d44380, 0x00000204c0d447e8]
Event: 83078.920 Thread 0x00000204cfb4f800 29730   !   4       java.util.ArrayList::batchRemove (184 bytes)
Event: 83078.927 Thread 0x00000204cfb50000 29731       3       ui.views.N.a.a::reset (64 bytes)
Event: 83078.927 Thread 0x00000204cfb4f800 nmethod 29730 0x00000204c0dc3310 code [0x00000204c0dc34c0, 0x00000204c0dc3b28]
Event: 83078.949 Thread 0x00000204cfb50000 nmethod 29731 0x00000204b99cfc10 code [0x00000204b99cffc0, 0x00000204b99d1e60]

GC Heap History (10 events):
Event: 82992.501 GC heap before
{Heap before GC invocations=2963 (full 1118):
 garbage-first heap   total 331776K, used 166873K [0x0000000740000000, 0x0000000800000000)
  region size 1024K, 60 young (61440K), 1 survivors (1024K)
 Metaspace       used 100016K, capacity 101286K, committed 104912K, reserved 1138688K
  class space    used 13150K, capacity 13638K, committed 14976K, reserved 1048576K
}
Event: 82992.502 GC heap after
{Heap after GC invocations=2964 (full 1118):
 garbage-first heap   total 331776K, used 106497K [0x0000000740000000, 0x0000000800000000)
  region size 1024K, 1 young (1024K), 1 survivors (1024K)
 Metaspace       used 100016K, capacity 101286K, committed 104912K, reserved 1138688K
  class space    used 13150K, capacity 13638K, committed 14976K, reserved 1048576K
}
Event: 83032.460 GC heap before
{Heap before GC invocations=2964 (full 1118):
 garbage-first heap   total 331776K, used 166913K [0x0000000740000000, 0x0000000800000000)
  region size 1024K, 60 young (61440K), 1 survivors (1024K)
 Metaspace       used 100016K, capacity 101286K, committed 104912K, reserved 1138688K
  class space    used 13150K, capacity 13638K, committed 14976K, reserved 1048576K
}
Event: 83032.464 GC heap after
{Heap after GC invocations=2965 (full 1118):
 garbage-first heap   total 331776K, used 106460K [0x0000000740000000, 0x0000000800000000)
  region size 1024K, 1 young (1024K), 1 survivors (1024K)
 Metaspace       used 100016K, capacity 101286K, committed 104912K, reserved 1138688K
  class space    used 13150K, capacity 13638K, committed 14976K, reserved 1048576K
}
Event: 83052.473 GC heap before
{Heap before GC invocations=2965 (full 1118):
 garbage-first heap   total 331776K, used 166876K [0x0000000740000000, 0x0000000800000000)
  region size 1024K, 60 young (61440K), 1 survivors (1024K)
 Metaspace       used 100016K, capacity 101286K, committed 104912K, reserved 1138688K
  class space    used 13150K, capacity 13638K, committed 14976K, reserved 1048576K
}
Event: 83052.474 GC heap after
{Heap after GC invocations=2966 (full 1118):
 garbage-first heap   total 331776K, used 106421K [0x0000000740000000, 0x0000000800000000)
  region size 1024K, 1 young (1024K), 1 survivors (1024K)
 Metaspace       used 100016K, capacity 101286K, committed 104912K, reserved 1138688K
  class space    used 13150K, capacity 13638K, committed 14976K, reserved 1048576K
}
Event: 83076.176 GC heap before
{Heap before GC invocations=2966 (full 1118):
 garbage-first heap   total 331776K, used 166837K [0x0000000740000000, 0x0000000800000000)
  region size 1024K, 60 young (61440K), 1 survivors (1024K)
 Metaspace       used 100016K, capacity 101286K, committed 104912K, reserved 1138688K
  class space    used 13150K, capacity 13638K, committed 14976K, reserved 1048576K
}
Event: 83076.177 GC heap after
{Heap after GC invocations=2967 (full 1118):
 garbage-first heap   total 331776K, used 106616K [0x0000000740000000, 0x0000000800000000)
  region size 1024K, 1 young (1024K), 1 survivors (1024K)
 Metaspace       used 100016K, capacity 101286K, committed 104912K, reserved 1138688K
  class space    used 13150K, capacity 13638K, committed 14976K, reserved 1048576K
}
Event: 83078.677 GC heap before
{Heap before GC invocations=2967 (full 1118):
 garbage-first heap   total 331776K, used 146552K [0x0000000740000000, 0x0000000800000000)
  region size 1024K, 41 young (41984K), 1 survivors (1024K)
 Metaspace       used 100024K, capacity 101286K, committed 104912K, reserved 1138688K
  class space    used 13150K, capacity 13638K, committed 14976K, reserved 1048576K
}
Event: 83078.873 GC heap after
{Heap after GC invocations=2968 (full 1119):
 garbage-first heap   total 331776K, used 101830K [0x0000000740000000, 0x0000000800000000)
  region size 1024K, 0 young (0K), 0 survivors (0K)
 Metaspace       used 100024K, capacity 101286K, committed 104912K, reserved 1138688K
  class space    used 13150K, capacity 13638K, committed 14976K, reserved 1048576K
}

Deoptimization events (10 events):
Event: 76975.325 Thread 0x00000204d236b800 Uncommon trap: reason=bimorphic_or_optimized_type_check action=maybe_recompile pc=0x00000204c0a40d58 method=javax.swing.JComponent.getObscuredState(IIIII)I @ 47 c2
Event: 76975.339 Thread 0x00000204d236b800 Uncommon trap: reason=unstable_if action=reinterpret pc=0x00000204c0c2a8d4 method=ui.utils.swing.w.ak.a(Ljavax/swing/JTextField;Ljava/lang/String;Ljava/awt/Graphics;)V @ 16 c2
Event: 76975.387 Thread 0x00000204d236b800 Uncommon trap: reason=bimorphic_or_optimized_type_check action=maybe_recompile pc=0x00000204c0a40d58 method=javax.swing.JComponent.getObscuredState(IIIII)I @ 47 c2
Event: 76975.402 Thread 0x00000204d236b800 Uncommon trap: reason=bimorphic_or_optimized_type_check action=maybe_recompile pc=0x00000204c0a40d58 method=javax.swing.JComponent.getObscuredState(IIIII)I @ 47 c2
Event: 76975.405 Thread 0x00000204d236b800 Uncommon trap: reason=unstable_if action=reinterpret pc=0x00000204c0c2e218 method=ui.utils.swing.w.ak.a(Ljavax/swing/JTextField;Ljava/lang/String;Ljava/awt/Graphics;)V @ 16 c2
Event: 76994.692 Thread 0x00000204d236b800 Uncommon trap: reason=bimorphic_or_optimized_type_check action=maybe_recompile pc=0x00000204c0abec14 method=javax.swing.JComponent.getObscuredState(IIIII)I @ 47 c2
Event: 81946.932 Thread 0x00000204d236b800 Uncommon trap: reason=unstable_if action=reinterpret pc=0x00000204c05904d0 method=sun.util.calendar.BaseCalendar$Date.hit(J)Z @ 15 c2
Event: 82096.415 Thread 0x00000204d236b800 Uncommon trap: reason=unstable_if action=reinterpret pc=0x00000204c0c5d9c4 method=ui.data.design.p.cft()V @ 78 c2
Event: 82099.416 Thread 0x00000204d236b800 Uncommon trap: reason=unstable_if action=reinterpret pc=0x00000204c03a27dc method=ui.data.design.p.cft()V @ 78 c2
Event: 82675.449 Thread 0x00000204d236b800 Uncommon trap: reason=unstable_if action=reinterpret pc=0x00000204c0552d38 method=java.lang.String.lastIndexOf([BBILjava/lang/String;I)I @ 28 c2

Classes redefined (0 events):
No events

Internal exceptions (10 events):
Event: 83062.512 Thread 0x00000204d236b800 Exception <a 'java/io/FileNotFoundException'{0x000000075276da18}> (0x000000075276da18) thrown at [t:/workspace/open/src/hotspot/share/prims/jni.cpp, line 615]
Event: 83062.512 Thread 0x00000204d236b800 Exception <a 'java/io/FileNotFoundException'{0x000000075276e198}> (0x000000075276e198) thrown at [t:/workspace/open/src/hotspot/share/prims/jni.cpp, line 615]
Event: 83067.513 Thread 0x00000204d236b800 Exception <a 'java/io/FileNotFoundException'{0x0000000752120398}> (0x0000000752120398) thrown at [t:/workspace/open/src/hotspot/share/prims/jni.cpp, line 615]
Event: 83067.513 Thread 0x00000204d236b800 Exception <a 'java/io/FileNotFoundException'{0x0000000752120b18}> (0x0000000752120b18) thrown at [t:/workspace/open/src/hotspot/share/prims/jni.cpp, line 615]
Event: 83072.513 Thread 0x00000204d236b800 Exception <a 'java/io/FileNotFoundException'{0x0000000751b156d0}> (0x0000000751b156d0) thrown at [t:/workspace/open/src/hotspot/share/prims/jni.cpp, line 615]
Event: 83072.513 Thread 0x00000204d236b800 Exception <a 'java/io/FileNotFoundException'{0x0000000751b15e50}> (0x0000000751b15e50) thrown at [t:/workspace/open/src/hotspot/share/prims/jni.cpp, line 615]
Event: 83077.514 Thread 0x00000204d236b800 Exception <a 'java/io/FileNotFoundException'{0x0000000751e104a0}> (0x0000000751e104a0) thrown at [t:/workspace/open/src/hotspot/share/prims/jni.cpp, line 615]
Event: 83077.514 Thread 0x00000204d236b800 Exception <a 'java/io/FileNotFoundException'{0x0000000751e11170}> (0x0000000751e11170) thrown at [t:/workspace/open/src/hotspot/share/prims/jni.cpp, line 615]
Event: 83082.515 Thread 0x00000204d236b800 Exception <a 'java/io/FileNotFoundException'{0x0000000753c71690}> (0x0000000753c71690) thrown at [t:/workspace/open/src/hotspot/share/prims/jni.cpp, line 615]
Event: 83082.515 Thread 0x00000204d236b800 Exception <a 'java/io/FileNotFoundException'{0x0000000753c72360}> (0x0000000753c72360) thrown at [t:/workspace/open/src/hotspot/share/prims/jni.cpp, line 615]

Events (10 events):
Event: 83081.876 Thread 0x00000204e6b2b800 Thread added: 0x00000204e6b2b800
Event: 83081.879 Thread 0x00000204e6b2b800 Thread exited: 0x00000204e6b2b800
Event: 83082.876 Thread 0x00000204e6b2d000 Thread added: 0x00000204e6b2d000
Event: 83082.881 Thread 0x00000204e6b2d000 Thread exited: 0x00000204e6b2d000
Event: 83083.877 Thread 0x00000204e6b2e800 Thread added: 0x00000204e6b2e800
Event: 83083.880 Thread 0x00000204e6b2e800 Thread exited: 0x00000204e6b2e800
Event: 83084.882 Thread 0x00000204e6b2e800 Thread added: 0x00000204e6b2e800
Event: 83084.886 Thread 0x00000204e6b2e800 Thread exited: 0x00000204e6b2e800
Event: 83085.882 Thread 0x00000204e6b2e800 Thread added: 0x00000204e6b2e800
Event: 83085.886 Thread 0x00000204e6b2e800 Thread exited: 0x00000204e6b2e800


Dynamic libraries:
0x00007ff6085a0000 - 0x00007ff6085d1000 	D:\110down\Vivado\2020.3\bin\unwrapped\win64.o\vivado.exe
0x00007ff82cbf0000 - 0x00007ff82cde8000 	C:\WINDOWS\SYSTEM32\ntdll.dll
0x00007ff82c500000 - 0x00007ff82c5bd000 	C:\WINDOWS\System32\KERNEL32.DLL
0x00007ff82a860000 - 0x00007ff82ab32000 	C:\WINDOWS\System32\KERNELBASE.dll
0x00007ff82a300000 - 0x00007ff82a400000 	C:\WINDOWS\System32\ucrtbase.dll
0x00007ffff9bb0000 - 0x00007ffff9bcb000 	C:\WINDOWS\SYSTEM32\VCRUNTIME140.dll
0x00007ffff9bd0000 - 0x00007ffff9c5e000 	C:\WINDOWS\SYSTEM32\MSVCP140.dll
0x00007ffff9ba0000 - 0x00007ffff9bac000 	C:\WINDOWS\SYSTEM32\VCRUNTIME140_1.dll
0x00007ff8219f0000 - 0x00007ff821a08000 	D:\110down\Vivado\2020.3\lib\win64.o\librdi_commonmain.dll
0x00007fff96240000 - 0x00007fff973b4000 	D:\110down\Vivado\2020.3\lib\win64.o\librdi_common.dll
0x00007ff82ca10000 - 0x00007ff82cbad000 	C:\WINDOWS\System32\USER32.dll
0x00007ff82a680000 - 0x00007ff82a6a2000 	C:\WINDOWS\System32\win32u.dll
0x00007ff81eb20000 - 0x00007ff81eb42000 	D:\110down\Vivado\2020.3\lib\win64.o\libboost_filesystem.dll
0x00007ff82afa0000 - 0x00007ff82afcb000 	C:\WINDOWS\System32\GDI32.dll
0x00007ff821b60000 - 0x00007ff821b69000 	D:\110down\Vivado\2020.3\lib\win64.o\librdi_commonversion.dll
0x00007ff82c660000 - 0x00007ff82c70e000 	C:\WINDOWS\System32\ADVAPI32.dll
0x00007ff82ab40000 - 0x00007ff82ac4f000 	C:\WINDOWS\System32\gdi32full.dll
0x00007ff82ad70000 - 0x00007ff82ae0e000 	C:\WINDOWS\System32\msvcrt.dll
0x00007ff82a6b0000 - 0x00007ff82a74d000 	C:\WINDOWS\System32\msvcp_win.dll
0x00007fffdbb70000 - 0x00007fffdbd09000 	D:\110down\Vivado\2020.3\lib\win64.o\librdi_commonxillic.dll
0x00007ff82c730000 - 0x00007ff82c7cc000 	C:\WINDOWS\System32\sechost.dll
0x00007ff82aed0000 - 0x00007ff82af3b000 	C:\WINDOWS\System32\WS2_32.dll
0x00007ff82bdb0000 - 0x00007ff82c4f3000 	C:\WINDOWS\System32\SHELL32.dll
0x00007ff82b8f0000 - 0x00007ff82ba15000 	C:\WINDOWS\System32\RPCRT4.dll
0x0000000068ae0000 - 0x0000000068c0b000 	D:\110down\Vivado\2020.3\lib\win64.o\tcl85t.dll
0x00007ff82a7a0000 - 0x00007ff82a7c7000 	C:\WINDOWS\System32\bcrypt.dll
0x00007fffb5190000 - 0x00007fffb54fe000 	D:\110down\Vivado\2020.3\lib\win64.o\libCOIN-all.dll
0x00007ff8217f0000 - 0x00007ff821800000 	D:\110down\Vivado\2020.3\lib\win64.o\libboost_date_time.dll
0x00007ff81e9d0000 - 0x00007ff81ea43000 	D:\110down\Vivado\2020.3\lib\win64.o\libboost_program_options.dll
0x00007ff80c5e0000 - 0x00007ff80c6f1000 	D:\110down\Vivado\2020.3\lib\win64.o\libboost_regex.dll
0x00007ff821750000 - 0x00007ff821759000 	D:\110down\Vivado\2020.3\lib\win64.o\libboost_system.dll
0x00007ff8215d0000 - 0x00007ff8215ee000 	D:\110down\Vivado\2020.3\lib\win64.o\libboost_thread.dll
0x00007ff821740000 - 0x00007ff82174c000 	D:\110down\Vivado\2020.3\lib\win64.o\libboost_xilinx.dll
0x00007ff81e920000 - 0x00007ff81e9c5000 	D:\110down\Vivado\2020.3\lib\win64.o\libhdxml.dll
0x00007ff80f5b0000 - 0x00007ff80f632000 	D:\110down\Vivado\2020.3\lib\win64.o\libhdlpsolve.dll
0x00007ff819370000 - 0x00007ff819398000 	D:\110down\Vivado\2020.3\lib\win64.o\libisl_sysinfo.dll
0x00007fff95440000 - 0x00007fff96232600 	D:\110down\Vivado\2020.3\lib\win64.o\libisl_iostreams.dll
0x00007ff80da40000 - 0x00007ff80daa5000 	D:\110down\Vivado\2020.3\lib\win64.o\liblmx6.0.dll
0x00007ff81fcc0000 - 0x00007ff81fcda000 	D:\110down\Vivado\2020.3\lib\win64.o\pthreadVC2.dll
0x00007ff81fbd0000 - 0x00007ff81fbec000 	D:\110down\Vivado\2020.3\lib\win64.o\librdiconfig.dll
0x00007ff82c7d0000 - 0x00007ff82c825000 	C:\WINDOWS\System32\SHLWAPI.dll
0x00007ff814a50000 - 0x00007ff814a71000 	D:\110down\Vivado\2020.3\lib\win64.o\librdizlib.dll
0x0000000012000000 - 0x0000000012270000 	D:\110down\Vivado\2020.3\lib\win64.o\xerces-c_3_1.dll
0x00007fffb6980000 - 0x00007fffb6c5b000 	D:\110down\Vivado\2020.3\lib\win64.o\libXil_lmgr11.dll
0x00007ff82b110000 - 0x00007ff82b1ea000 	C:\WINDOWS\System32\COMDLG32.dll
0x00007ff82ba50000 - 0x00007ff82bda4000 	C:\WINDOWS\System32\combase.dll
0x00007ff818f20000 - 0x00007ff818f39000 	C:\WINDOWS\SYSTEM32\NETAPI32.dll
0x00007ff8176b0000 - 0x00007ff817b89000 	C:\WINDOWS\SYSTEM32\WININET.dll
0x00007ff81e350000 - 0x00007ff81e45d000 	C:\WINDOWS\SYSTEM32\WINHTTP.dll
0x00007ff82c900000 - 0x00007ff82c9ad000 	C:\WINDOWS\System32\shcore.dll
0x00007ff81a1e0000 - 0x00007ff81a3cd000 	C:\WINDOWS\SYSTEM32\urlmon.dll
0x00007ff82c830000 - 0x00007ff82c8fd000 	C:\WINDOWS\System32\OLEAUT32.dll
0x00007ff82afe0000 - 0x00007ff82b10a000 	C:\WINDOWS\System32\ole32.dll
0x00007fffd1a30000 - 0x00007fffd1a39000 	C:\WINDOWS\SYSTEM32\WSOCK32.dll
0x00007ff82a610000 - 0x00007ff82a679000 	C:\WINDOWS\System32\WINTRUST.dll
0x00007ff80e880000 - 0x00007ff80e8b1000 	C:\WINDOWS\SYSTEM32\VCOMP140.DLL
0x00007ff82a4b0000 - 0x00007ff82a606000 	C:\WINDOWS\System32\CRYPT32.dll
0x00007fff93520000 - 0x00007fff95437000 	D:\110down\Vivado\2020.3\lib\win64.o\gurobi90.dll
0x00007ff82b3a0000 - 0x00007ff82b3f6000 	C:\WINDOWS\System32\WLDAP32.dll
0x00007ff82c5c0000 - 0x00007ff82c5c8000 	C:\WINDOWS\System32\Normaliz.dll
0x00007ff8216d0000 - 0x00007ff8216dc000 	D:\110down\Vivado\2020.3\lib\win64.o\libboost_chrono.dll
0x00007ff80f580000 - 0x00007ff80f5a3000 	D:\110down\Vivado\2020.3\lib\win64.o\libisl_iosutils.dll
0x00007ff81dc60000 - 0x00007ff81dc76000 	D:\110down\Vivado\2020.3\lib\win64.o\libboost_iostreams.dll
0x00007ff819f20000 - 0x00007ff81a1d1000 	C:\WINDOWS\SYSTEM32\iertutil.dll
0x00007ff80ce20000 - 0x00007ff80ced0000 	C:\WINDOWS\WinSxS\amd64_microsoft.windows.common-controls_6595b64144ccf1df_5.82.19041.1110_none_792d1c772443f647\COMCTL32.dll
0x00007ff81afd0000 - 0x00007ff81aff8000 	C:\WINDOWS\SYSTEM32\srvcli.dll
0x00007ff829820000 - 0x00007ff82982c000 	C:\WINDOWS\SYSTEM32\netutils.dll
0x00007ff81f540000 - 0x00007ff81f55d000 	C:\WINDOWS\SYSTEM32\dhcpcsvc.DLL
0x00007ff829a10000 - 0x00007ff829a7a000 	C:\WINDOWS\SYSTEM32\MSWSOCK.DLL
0x00007ff82ba20000 - 0x00007ff82ba50000 	C:\WINDOWS\System32\IMM32.DLL
0x00007ff829ef0000 - 0x00007ff829f02000 	C:\WINDOWS\SYSTEM32\MSASN1.dll
0x00007ff828b60000 - 0x00007ff828b72000 	C:\WINDOWS\SYSTEM32\kernel.appcore.dll
0x00007fff92ff0000 - 0x00007fff93514000 	D:\110down\Vivado\2020.3\lib\win64.o\librdi_commontasks.dll
0x00007ff820c40000 - 0x00007ff820c4a000 	C:\WINDOWS\SYSTEM32\VERSION.dll
0x00007fffa3460000 - 0x00007fffa3736000 	D:\110down\Vivado\2020.3\lib\win64.o\librdi_sio.dll
0x00007fff924c0000 - 0x00007fff92fe3000 	D:\110down\Vivado\2020.3\tps\win64\jre11.0.2\bin\server\jvm.dll
0x00007ff829700000 - 0x00007ff82973b000 	C:\WINDOWS\SYSTEM32\IPHLPAPI.DLL
0x00007ff82ae10000 - 0x00007ff82ae18000 	C:\WINDOWS\System32\PSAPI.DLL
0x00007ff800f30000 - 0x00007ff800f57000 	C:\WINDOWS\SYSTEM32\WINMM.dll
0x00007ff828090000 - 0x00007ff828821000 	C:\WINDOWS\SYSTEM32\windows.storage.dll
0x00007ff829d60000 - 0x00007ff829d90000 	C:\WINDOWS\SYSTEM32\Wldp.dll
0x00007fff8f980000 - 0x00007fff924bb000 	D:\110down\Vivado\2020.3\lib\win64.o\librdi_tcltasks.dll
0x00007ff80c7a0000 - 0x00007ff80c81e000 	D:\110down\Vivado\2020.3\lib\win64.o\librdi_boarddep.dll
0x00007fff8f4d0000 - 0x00007fff8f97b000 	D:\110down\Vivado\2020.3\lib\win64.o\librdi_bitstream.dll
0x00007fffffec0000 - 0x00007ffffffb5000 	D:\110down\Vivado\2020.3\lib\win64.o\librdi_chipscope.dll
0x00007fffb4fd0000 - 0x00007fffb5185000 	D:\110down\Vivado\2020.3\lib\win64.o\librdi_board.dll
0x00007fffb3130000 - 0x00007fffb3317000 	D:\110down\Vivado\2020.3\lib\win64.o\librdi_chipscopeimpl.dll
0x00007ffff9570000 - 0x00007ffff96d1000 	D:\110down\Vivado\2020.3\lib\win64.o\librdi_containers.dll
0x00007fff750e0000 - 0x00007fff76f4a000 	D:\110down\Vivado\2020.3\lib\win64.o\librdi_constraints.dll
0x00007fff72ca0000 - 0x00007fff750d8000 	D:\110down\Vivado\2020.3\lib\win64.o\librdi_coregen.dll
0x00007fff7e930000 - 0x00007fff7f047000 	D:\110down\Vivado\2020.3\lib\win64.o\librdi_coregenipxact.dll
0x00007fff70ec0000 - 0x00007fff72c94000 	D:\110down\Vivado\2020.3\lib\win64.o\librdi_designutils.dll
0x00007fffffb60000 - 0x00007fffffc13000 	D:\110down\Vivado\2020.3\lib\win64.o\librdi_dsp.dll
0x00007fff7e2c0000 - 0x00007fff7e92f000 	D:\110down\Vivado\2020.3\lib\win64.o\librdi_drc.dll
0x00007fff9a920000 - 0x00007fff9ac98000 	D:\110down\Vivado\2020.3\lib\win64.o\librdi_dlyest.dll
0x00007fff57da0000 - 0x00007fff70ebd000 	D:\110down\Vivado\2020.3\lib\win64.o\librdi_device.dll
0x00007ff80c730000 - 0x00007ff80c79b000 	D:\110down\Vivado\2020.3\lib\win64.o\librdi_hdf.dll
0x00007fff9bf20000 - 0x00007fff9c23d000 	D:\110down\Vivado\2020.3\lib\win64.o\librdi_guitools.dll
0x00007fffa3a10000 - 0x00007fffa3c8d000 	D:\110down\Vivado\2020.3\lib\win64.o\librdi_hip_devdesign.dll
0x00007fff77f30000 - 0x00007fff785f0000 	D:\110down\Vivado\2020.3\lib\win64.o\librdi_filemgmt.dll
0x00007ff80c530000 - 0x00007ff80c5a2000 	D:\110down\Vivado\2020.3\lib\win64.o\librdi_memoryarray.dll
0x00007fffeb1d0000 - 0x00007fffeb317000 	D:\110down\Vivado\2020.3\lib\win64.o\librdi_hip_perf_analysis.dll
0x00007fff778e0000 - 0x00007fff77f2c000 	D:\110down\Vivado\2020.3\lib\win64.o\librdi_memdata.dll
0x00007fffffb00000 - 0x00007fffffb54000 	D:\110down\Vivado\2020.3\lib\win64.o\librdi_pfi.dll
0x00007fff55940000 - 0x00007fff57d9b000 	D:\110down\Vivado\2020.3\lib\win64.o\librdi_mig.dll
0x00007fff55210000 - 0x00007fff55939000 	D:\110down\Vivado\2020.3\lib\win64.o\librdi_netlist.dll
0x00007fff977d0000 - 0x00007fff97b6f000 	D:\110down\Vivado\2020.3\lib\win64.o\librdi_platform.dll
0x00007fff549b0000 - 0x00007fff55205000 	D:\110down\Vivado\2020.3\lib\win64.o\librdi_power.dll
0x00007fff54330000 - 0x00007fff549a9000 	D:\110down\Vivado\2020.3\lib\win64.o\librdi_project.dll
0x00007fff52da0000 - 0x00007fff54325000 	D:\110down\Vivado\2020.3\lib\win64.o\librdi_implflow.dll
0x00007fff4fb70000 - 0x00007fff52d9f000 	D:\110down\Vivado\2020.3\lib\win64.o\librdi_place.dll
0x00007fffff740000 - 0x00007fffff84a000 	D:\110down\Vivado\2020.3\lib\win64.o\librdi_runsbase.dll
0x00007fff8f250000 - 0x00007fff8f4c4000 	D:\110down\Vivado\2020.3\lib\win64.o\librdi_simdata.dll
0x00007fff773b0000 - 0x00007fff778d8000 	D:\110down\Vivado\2020.3\lib\win64.o\librdi_runs.dll
0x00007fff4f440000 - 0x00007fff4fb61000 	D:\110down\Vivado\2020.3\lib\win64.o\librdi_psta.dll
0x00007fffea5f0000 - 0x00007fffea6fd000 	D:\110down\Vivado\2020.3\lib\win64.o\librdi_xhub.dll
0x00007fffdb3e0000 - 0x00007fffdb486000 	D:\110down\Vivado\2020.3\lib\win64.o\librdi_xhubtasks.dll
0x00007fffa1000000 - 0x00007fffa11e6000 	D:\110down\Vivado\2020.3\lib\win64.o\librdi_advchipscopeimpl.dll
0x00007fff4e600000 - 0x00007fff4f433000 	D:\110down\Vivado\2020.3\lib\win64.o\librdi_cdoutil.dll
0x00007ff80e7a0000 - 0x00007ff80e7e7000 	D:\110down\Vivado\2020.3\lib\win64.o\libboost_serialization.dll
0x00007fffbc7d0000 - 0x00007fffbc8c1000 	D:\110down\Vivado\2020.3\lib\win64.o\librdi_ipconfig_readwrite.dll
0x00007fff4ddf0000 - 0x00007fff4e5fd000 	D:\110down\Vivado\2020.3\lib\win64.o\librdi_rsb.dll
0x00007ffffcde0000 - 0x00007ffffce49000 	D:\110down\Vivado\2020.3\lib\win64.o\librdi_noc_frameworks.dll
0x00007fff4cd80000 - 0x00007fff4dde8000 	D:\110down\Vivado\2020.3\lib\win64.o\librdi_timing.dll
0x00007ffffa990000 - 0x00007ffffa9d6000 	D:\110down\Vivado\2020.3\lib\win64.o\libboost_graph.dll
0x00007fff4c220000 - 0x00007fff4cd76000 	D:\110down\Vivado\2020.3\lib\win64.o\libverific.dll
0x00007fffbc5d0000 - 0x00007fffbc6ac000 	D:\110down\Vivado\2020.3\lib\win64.o\librdi_bda.dll
0x00007fff4bcd0000 - 0x00007fff4c21e000 	D:\110down\Vivado\2020.3\lib\win64.o\librdi_xdm.dll

dbghelp: loaded successfully - version: 4.0.5 - missing functions: none
symbol engine: initialized successfully - sym options: 0x614 - pdb path: .;D:\110down\Vivado\2020.3\bin\unwrapped\win64.o;C:\WINDOWS\SYSTEM32;D:\110down\Vivado\2020.3\lib\win64.o;C:\WINDOWS\WinSxS\amd64_microsoft.windows.common-controls_6595b64144ccf1df_5.82.19041.1110_none_792d1c772443f647;D:\110down\Vivado\2020.3\tps\win64\jre11.0.2\bin\server;D:\110down\Vivado\2020.3\tps\win64\python-3.8.3;D:\110down\Vivado\2020.3\tps\win64\jre11.0.2\bin;C:\WINDOWS\WinSxS\amd64_microsoft.windows.common-controls_6595b64144ccf1df_6.0.19041.1110_none_60b5254171f9507e;C:\Program Files\National Instruments\Shared\mDNS Responder;C:\WINDOWS\WinSxS\amd64_microsoft.vc90.crt_1fc8b3b9a1e18e3b_9.0.30729.9625_none_08e1c10da83fbc83;C:\WINDOWS\WinSxS\amd64_microsoft.windows.gdiplus_6595b64144ccf1df_1.1.19041.2130_none_91a21aa0cc89fa21

VM Arguments:
jvm_args: -Dsun.java2d.pmoffscreen=false -Dhttps.protocols=TLSv1,TLSv1.1,TLSv1.2 -Dsun.java2d.xrender=false -Dsun.java2d.d3d=false -Dsun.awt.nopixfmt=true -Dsun.java2d.dpiaware=true -Dsun.java2d.uiScale.enabled=false -Xverify:none -Dswing.aatext=true -XX:-UsePerfData -Djdk.map.althashing.threshold=512 -XX:StringTableSize=4072 --add-opens=java.base/java.nio=ALL-UNNAMED --add-opens=java.desktop/sun.swing=ALL-UNNAMED --add-opens=java.desktop/javax.swing=ALL-UNNAMED --add-opens=java.desktop/javax.swing.tree=ALL-UNNAMED --add-opens=java.desktop/javax.swing.plaf.basic=ALL-UNNAMED --add-opens=java.desktop/javax.swing.plaf.synth=ALL-UNNAMED --add-opens=java.desktop/com.sun.awt=ALL-UNNAMED -XX:NewSize=60m -XX:MaxNewSize=60m -Xms128m -Xmx3072m -Xss5m 
java_command: <unknown>
java_class_path (initial): D:/110down/Vivado/2020.3\lib\classes\alloy.jar;D:/110down/Vivado/2020.3\lib\classes\ArchiveSummary.jar;D:/110down/Vivado/2020.3\lib\classes\autoesl-models.jar;D:/110down/Vivado/2020.3\lib\classes\autopilot.scelaborator.jar;D:/110down/Vivado/2020.3\lib\classes\autopilot.sourceprocessor.jar;D:/110down/Vivado/2020.3\lib\classes\autopilot.tbprocessor.jar;D:/110down/Vivado/2020.3\lib\classes\batik-anim.jar;D:/110down/Vivado/2020.3\lib\classes\batik-awt-util.jar;D:/110down/Vivado/2020.3\lib\classes\batik-bridge.jar;D:/110down/Vivado/2020.3\lib\classes\batik-codec.jar;D:/110down/Vivado/2020.3\lib\classes\batik-css.jar;D:/110down/Vivado/2020.3\lib\classes\batik-dom.jar;D:/110down/Vivado/2020.3\lib\classes\batik-ext.jar;D:/110down/Vivado/2020.3\lib\classes\batik-gui-util.jar;D:/110down/Vivado/2020.3\lib\classes\batik-gvt.jar;D:/110down/Vivado/2020.3\lib\classes\batik-parser.jar;D:/110down/Vivado/2020.3\lib\classes\batik-script.jar;D:/110down/Vivado/2020.3\lib\classes\batik-svg-dom.jar;D:/110down/Vivado/2020.3\lib\classes\batik-swing.jar;D:/110down/Vivado/2020.3\lib\classes\batik-transcoder.jar;D:/110down/Vivado/2020.3\lib\classes\batik-util.jar;D:/110down/Vivado/2020.3\lib\classes\batik-xml.jar;D:/110down/Vivado/2020.3\lib\classes\com.google.gson_2.8.2.v20180104-1110.jar;D:/110down/Vivado/2020.3\lib\classes\com.google.guava_27.1.0.v20190517-1946.jar;D:/110down/Vivado/2020.3\lib\classes\com.ibm.icu_4.4.2.v20110208.jar;D:/110down/Vivado/2020.3\lib\classes\com.sigasi.hdt.connection_4.10.0.202010071917.jar;D:/110down/Vivado/2020.3\lib\classes\com.sigasi.hdt.epl_4.10.0.202010071917.jar;D:/110down/Vivado/2020.3\lib\classes\com.sigasi.hdt.project_4.10.0.202010071917.jar;D:/110down/Vivado/2020.3\lib\classes\com.sigasi.hdt.readonlyfilesystem_4.10.0.202010071917.jar;D:/110down/Vivado/2020.3\lib\classes\com.sigasi.lcm_4.10.0.202010071917.jar;D:/110down/Vivado/2020.3\lib\classes\com.sigasi.sdk.client_4.10.0.202010071917.jar;D:/110down/Vivado/2020.3\lib\class
Launcher Type: generic

[Global flags]
     bool BytecodeVerificationLocal                = false                                     {product} {command line}
     bool BytecodeVerificationRemote               = false                                     {product} {command line}
     intx CICompilerCount                          = 4                                         {product} {ergonomic}
     uint ConcGCThreads                            = 2                                         {product} {ergonomic}
     uint G1ConcRefinementThreads                  = 8                                         {product} {ergonomic}
   size_t G1HeapRegionSize                         = 1048576                                   {product} {ergonomic}
    uintx GCDrainStackTargetSize                   = 64                                        {product} {ergonomic}
   size_t InitialHeapSize                          = 134217728                                 {product} {command line}
   size_t MarkStackSize                            = 4194304                                   {product} {ergonomic}
   size_t MaxHeapSize                              = 3221225472                                {product} {command line}
   size_t MaxNewSize                               = 62914560                                  {product} {command line}
   size_t MinHeapDeltaBytes                        = 1048576                                   {product} {ergonomic}
   size_t NewSize                                  = 62914560                                  {product} {command line}
    uintx NonNMethodCodeHeapSize                   = 5835340                                {pd product} {ergonomic}
    uintx NonProfiledCodeHeapSize                  = 122911450                              {pd product} {ergonomic}
    uintx ProfiledCodeHeapSize                     = 122911450                              {pd product} {ergonomic}
    uintx ReservedCodeCacheSize                    = 251658240                              {pd product} {ergonomic}
     bool SegmentedCodeCache                       = true                                      {product} {ergonomic}
    uintx StringTableSize                          = 4072                                      {product} {command line}
     intx ThreadStackSize                          = 5120                                   {pd product} {command line}
     bool UseCompressedClassPointers               = true                                 {lp64_product} {ergonomic}
     bool UseCompressedOops                        = true                                 {lp64_product} {ergonomic}
     bool UseG1GC                                  = true                                      {product} {ergonomic}
     bool UseLargePagesIndividualAllocation        = false                                  {pd product} {ergonomic}
     bool UsePerfData                              = false                                     {product} {command line}

Logging:
Log output configuration:
 #0: stdout all=warning uptime,level,tags
 #1: stderr all=off uptime,level,tags

Environment Variables:
JAVA_HOME=C:\Program Files\Java\jdk-16.0.2
PATH=D:/110down/Vivado/2020.3\gnuwin\bin;D:/110down/Vivado/2020.3\gnu\microblaze\nt\bin;D:/110down/Vivado/2020.3/bin;D:/110down/Vivado/2020.3/tps/win64/javafx-sdk-11.0.2/lib;D:/110down/Vivado/2020.3/tps/win64/javafx-sdk-11.0.2/bin;D:/110down/Vivado/2020.3/lib/win64.o;D:/110down/Vivado/2020.3/tps/win64/jre11.0.2/bin/server;D:/110down/Vivado/2020.3/tps/win64/jre11.0.2/bin;D:/110down/Vitis_HLS/2020.3/bin;C:\Program Files (x86)\Common Files\Intel\Shared Libraries\redist\intel64\compiler;C:\Program Files (x86)\Intel\Intel(R) Management Engine Components\iCLS\;C:\Program Files\Intel\Intel(R) Management Engine Components\iCLS\;C:\Windows\system32;C:\Windows;C:\Windows\System32\Wbem;C:\Windows\System32\WindowsPowerShell\v1.0\;C:\Windows\System32\OpenSSH\;C:\Program Files (x86)\Intel\Intel(R) Management Engine Components\DAL;C:\Program Files\Intel\Intel(R) Management Engine Components\DAL;C:\Program Files (x86)\Intel\Intel(R) Management Engine Components\IPT;C:\Program Files\Intel\Intel(R) Management Engine Components\IPT;C:\Program Files (x86)\IVI Foundation\VISA\WinNT\Bin\;C:\Program Files\IVI Foundation\VISA\Win64\Bin\;C:\Program Files (x86)\Pulse Secure\VC142.CRT\X64\;C:\Program Files (x86)\Pulse Secure\VC142.CRT\X86\;C:\Program Files (x86)\Common Files\Pulse Secure\TNC Client Plugin\;D:\Git\cmd;C:\msys64\mingw64\bin;;C:\Program Files\Docker\Docker\resources\bin;C:\ProgramData\DockerDesktop\version-bin;C:\Program Files\PuTTY\;C:\Users\USER\AppData\Local\Programs\Python\Python36\Scripts\;C:\Users\USER\AppData\Local\Programs\Python\Python36\;C:\Users\USER\AppData\Local\Microsoft\WindowsApps;C:\Users\USER\AppData\Local\Programs\Microsoft VS Code\bin;D:/110down/Vivado/2020.3\tps\mingw\6.2.0\win64.o\nt\bin;D:/110down/Vivado/2020.3\tps\mingw\6.2.0\win64.o\nt\libexec\gcc\x86_64-w64-mingw32\6.2.0;D:/110down/Vivado/2020.3\tps\win64\python-3.8.3;D:/110down/Vivado/2020.3\tps\win64\python-3.8.3\bin;D:/110down/Vivado/2020.3\tps\win64\python-3.8.3\lib;D:/110down/Vivado/2020.3\tps\win64\p
USERNAME=USER
OS=Windows_NT
PROCESSOR_IDENTIFIER=Intel64 Family 6 Model 142 Stepping 10, GenuineIntel



---------------  S Y S T E M  ---------------

OS: Windows 10 , 64 bit Build 19041 (10.0.19041.1889)

CPU:total 8 (initial active 8) (4 cores per cpu, 2 threads per core) family 6 model 142 stepping 10, cmov, cx8, fxsr, mmx, sse, sse2, sse3, ssse3, sse4.1, sse4.2, popcnt, avx, avx2, aes, clmul, erms, 3dnowpref, lzcnt, ht, tsc, tscinvbit, bmi1, bmi2, adx, fma

Memory: 4k page, system-wide physical 8070M (1393M free)
TotalPageFile size 18822M (AvailPageFile size 4803M)
current process WorkingSet (physical memory assigned to process): 472M, peak: 1105M
current process commit charge ("private bytes"): 1023M, peak: 1698M

vm_info: OpenJDK 64-Bit Server VM (11.0.2+9) for windows-amd64 JRE (11.0.2+9), built on Jan 18 2019 05:23:22 by "mach5one" with MS VC++ 15.5 (VS2017)

END.
